[2020-07-19T17:10:36.484] [INFO] default - bamboo server is running at http://localhost:9077
[2020-07-19T17:17:05.609] [INFO] default - Executing (default): SELECT count(*) AS `count` FROM `m_docs` AS `m_doc` WHERE `m_doc`.`flag` = 0;
[2020-07-19T17:17:05.610] [INFO] default - Executing (default): SELECT `id`, `doc_name`, `path_url`, `author_id`, `author_name`, `category_id`, `category_name`, `ext`, `ext2`, `status`, `flag`, `createdAt`, `updatedAt` FROM `m_docs` AS `m_doc` WHERE `m_doc`.`flag` = 0 LIMIT 0, 20;
[2020-07-19T17:17:09.446] [INFO] default - Executing (default): SELECT count(*) AS `count` FROM `m_docs` AS `m_doc` WHERE `m_doc`.`flag` = 0;
[2020-07-19T17:17:09.446] [INFO] default - Executing (default): SELECT `id`, `doc_name`, `path_url`, `author_id`, `author_name`, `category_id`, `category_name`, `ext`, `ext2`, `status`, `flag`, `createdAt`, `updatedAt` FROM `m_docs` AS `m_doc` WHERE `m_doc`.`flag` = 0 LIMIT 0, 20;
[2020-07-19T17:18:35.224] [INFO] default - Executing (default): SELECT `id`, `doc_name`, `path_url`, `author_id`, `author_name`, `category_id`, `category_name`, `ext`, `ext2`, `status`, `flag`, `createdAt`, `updatedAt` FROM `m_docs` AS `m_doc` WHERE `m_doc`.`id` = '0a5826d0-c63f-11ea-a3af-63d39404bea5';
[2020-07-19T17:18:35.253] [INFO] default - Executing (default): SELECT count(*) AS `count` FROM `m_comments` AS `m_comment` WHERE `m_comment`.`flag` = 0 AND `m_comment`.`obj_id` = '0a5826d0-c63f-11ea-a3af-63d39404bea5';
[2020-07-19T17:18:35.261] [INFO] default - Executing (default): SELECT `id`, `text`, `obj_id`, `obj_name`, `user_id`, `user_name`, `target_id`, `target_name`, `ext`, `status`, `flag`, `createdAt`, `updatedAt` FROM `m_comments` AS `m_comment` WHERE `m_comment`.`flag` = 0 AND `m_comment`.`obj_id` = '0a5826d0-c63f-11ea-a3af-63d39404bea5' ORDER BY `m_comment`.`updatedAt` DESC;
[2020-07-19T17:18:48.522] [INFO] default - Executing (default): SELECT count(*) AS `count` FROM `m_docs` AS `m_doc` WHERE `m_doc`.`flag` = 0;
[2020-07-19T17:18:48.522] [INFO] default - Executing (default): SELECT `id`, `doc_name`, `path_url`, `author_id`, `author_name`, `category_id`, `category_name`, `ext`, `ext2`, `status`, `flag`, `createdAt`, `updatedAt` FROM `m_docs` AS `m_doc` WHERE `m_doc`.`flag` = 0 LIMIT 0, 20;
[2020-07-19T17:18:56.165] [INFO] default - Executing (default): SELECT `id`, `doc_name`, `path_url`, `author_id`, `author_name`, `category_id`, `category_name`, `ext`, `ext2`, `status`, `flag`, `createdAt`, `updatedAt` FROM `m_docs` AS `m_doc` WHERE `m_doc`.`id` = '26659b70-c412-11ea-be95-e9e69c768ddc';
[2020-07-19T17:18:56.168] [INFO] default - Executing (default): SELECT count(*) AS `count` FROM `m_comments` AS `m_comment` WHERE `m_comment`.`flag` = 0 AND `m_comment`.`obj_id` = '26659b70-c412-11ea-be95-e9e69c768ddc';
[2020-07-19T17:18:56.168] [INFO] default - Executing (default): SELECT `id`, `text`, `obj_id`, `obj_name`, `user_id`, `user_name`, `target_id`, `target_name`, `ext`, `status`, `flag`, `createdAt`, `updatedAt` FROM `m_comments` AS `m_comment` WHERE `m_comment`.`flag` = 0 AND `m_comment`.`obj_id` = '26659b70-c412-11ea-be95-e9e69c768ddc' ORDER BY `m_comment`.`updatedAt` DESC;
[2020-07-20T10:35:52.467] [INFO] default - bamboo server is running at http://localhost:9077
[2020-07-20T10:36:50.636] [INFO] default - Executing (default): SELECT count(*) AS `count` FROM `m_docs` AS `m_doc` WHERE `m_doc`.`flag` = 0;
[2020-07-20T10:36:50.637] [INFO] default - Executing (default): SELECT `id`, `doc_name`, `path_url`, `author_id`, `author_name`, `category_id`, `category_name`, `ext`, `ext2`, `status`, `flag`, `createdAt`, `updatedAt` FROM `m_docs` AS `m_doc` WHERE `m_doc`.`flag` = 0 LIMIT 0, 20;
[2020-07-20T10:36:52.582] [INFO] default - Executing (default): SELECT count(*) AS `count` FROM `m_docs` AS `m_doc` WHERE `m_doc`.`flag` = 0;
[2020-07-20T10:36:52.582] [INFO] default - Executing (default): SELECT `id`, `doc_name`, `path_url`, `author_id`, `author_name`, `category_id`, `category_name`, `ext`, `ext2`, `status`, `flag`, `createdAt`, `updatedAt` FROM `m_docs` AS `m_doc` WHERE `m_doc`.`flag` = 0 LIMIT 0, 20;
[2020-07-20T10:50:36.433] [INFO] default - Executing (default): SELECT `id`, `doc_name`, `path_url`, `author_id`, `author_name`, `category_id`, `category_name`, `ext`, `ext2`, `status`, `flag`, `createdAt`, `updatedAt` FROM `m_docs` AS `m_doc` WHERE `m_doc`.`id` = '0a5826d0-c63f-11ea-a3af-63d39404bea5';
[2020-07-20T10:50:36.437] [INFO] default - Executing (default): SELECT count(*) AS `count` FROM `m_comments` AS `m_comment` WHERE `m_comment`.`flag` = 0 AND `m_comment`.`obj_id` = '0a5826d0-c63f-11ea-a3af-63d39404bea5';
[2020-07-20T10:50:36.438] [INFO] default - Executing (default): SELECT `id`, `text`, `obj_id`, `obj_name`, `user_id`, `user_name`, `target_id`, `target_name`, `ext`, `status`, `flag`, `createdAt`, `updatedAt` FROM `m_comments` AS `m_comment` WHERE `m_comment`.`flag` = 0 AND `m_comment`.`obj_id` = '0a5826d0-c63f-11ea-a3af-63d39404bea5' ORDER BY `m_comment`.`updatedAt` DESC;
[2020-07-20T10:53:36.740] [INFO] default - Executing (default): SELECT count(*) AS `count` FROM `m_docs` AS `m_doc` WHERE `m_doc`.`flag` = 0;
[2020-07-20T10:53:36.740] [INFO] default - Executing (default): SELECT `id`, `doc_name`, `path_url`, `author_id`, `author_name`, `category_id`, `category_name`, `ext`, `ext2`, `status`, `flag`, `createdAt`, `updatedAt` FROM `m_docs` AS `m_doc` WHERE `m_doc`.`flag` = 0 LIMIT 0, 20;
[2020-07-20T10:53:38.122] [INFO] default - Executing (default): SELECT count(*) AS `count` FROM `m_docs` AS `m_doc` WHERE `m_doc`.`flag` = 0;
[2020-07-20T10:53:38.122] [INFO] default - Executing (default): SELECT `id`, `doc_name`, `path_url`, `author_id`, `author_name`, `category_id`, `category_name`, `ext`, `ext2`, `status`, `flag`, `createdAt`, `updatedAt` FROM `m_docs` AS `m_doc` WHERE `m_doc`.`flag` = 0 LIMIT 0, 20;
[2020-07-20T10:53:39.488] [INFO] default - Executing (default): SELECT `id`, `doc_name`, `path_url`, `author_id`, `author_name`, `category_id`, `category_name`, `ext`, `ext2`, `status`, `flag`, `createdAt`, `updatedAt` FROM `m_docs` AS `m_doc` WHERE `m_doc`.`id` = '0a5826d0-c63f-11ea-a3af-63d39404bea5';
[2020-07-20T10:53:39.492] [INFO] default - Executing (default): SELECT count(*) AS `count` FROM `m_comments` AS `m_comment` WHERE `m_comment`.`flag` = 0 AND `m_comment`.`obj_id` = '0a5826d0-c63f-11ea-a3af-63d39404bea5';
[2020-07-20T10:53:39.492] [INFO] default - Executing (default): SELECT `id`, `text`, `obj_id`, `obj_name`, `user_id`, `user_name`, `target_id`, `target_name`, `ext`, `status`, `flag`, `createdAt`, `updatedAt` FROM `m_comments` AS `m_comment` WHERE `m_comment`.`flag` = 0 AND `m_comment`.`obj_id` = '0a5826d0-c63f-11ea-a3af-63d39404bea5' ORDER BY `m_comment`.`updatedAt` DESC;
[2020-07-20T16:09:12.223] [INFO] default - bamboo server is running at http://localhost:9077
[2020-07-20T16:14:11.100] [INFO] default - bamboo server is running at http://localhost:9077
[2020-07-21T09:08:06.781] [INFO] default - bamboo server is running at http://localhost:9077
[2020-07-21T10:14:03.127] [INFO] default - bamboo server is running at http://localhost:9077
[2020-07-21T17:40:30.811] [INFO] default - bamboo server is running at http://localhost:9077
[2020-07-21T17:43:33.286] [INFO] default - Executing (default): INSERT INTO `m_docs` (`id`,`doc_name`,`path_url`,`status`,`flag`,`createdAt`,`updatedAt`) VALUES (?,?,?,?,?,?,?);
[2020-07-21T17:43:34.120] [INFO] default - 文章创建成功！a3cfd280-cb36-11ea-853f-2def3854bd1a
[2020-07-21T17:43:34.121] [INFO] default - 文章根目录：D:\itcastzm\bamboo\src\docs\a3cfd280-cb36-11ea-853f-2def3854bd1a\ 创建成功!
[2020-07-21T17:43:40.215] [INFO] default - Executing (default): SELECT count(*) AS `count` FROM `m_docs` AS `m_doc` WHERE `m_doc`.`flag` = 0;
[2020-07-21T17:43:40.216] [INFO] default - Executing (default): SELECT `id`, `doc_name`, `path_url`, `author_id`, `author_name`, `category_id`, `category_name`, `ext`, `ext2`, `status`, `flag`, `createdAt`, `updatedAt` FROM `m_docs` AS `m_doc` WHERE `m_doc`.`flag` = 0 LIMIT 0, 20;
[2020-07-21T17:43:42.113] [INFO] default - Executing (default): SELECT count(*) AS `count` FROM `m_docs` AS `m_doc` WHERE `m_doc`.`flag` = 0;
[2020-07-21T17:43:42.113] [INFO] default - Executing (default): SELECT `id`, `doc_name`, `path_url`, `author_id`, `author_name`, `category_id`, `category_name`, `ext`, `ext2`, `status`, `flag`, `createdAt`, `updatedAt` FROM `m_docs` AS `m_doc` WHERE `m_doc`.`flag` = 0 LIMIT 0, 20;
[2020-07-21T17:43:51.651] [INFO] default - Executing (default): SELECT `id`, `doc_name`, `path_url`, `author_id`, `author_name`, `category_id`, `category_name`, `ext`, `ext2`, `status`, `flag`, `createdAt`, `updatedAt` FROM `m_docs` AS `m_doc` WHERE `m_doc`.`id` = 'a3cfd280-cb36-11ea-853f-2def3854bd1a';
[2020-07-21T17:43:51.656] [INFO] default - Executing (default): SELECT count(*) AS `count` FROM `m_comments` AS `m_comment` WHERE `m_comment`.`flag` = 0 AND `m_comment`.`obj_id` = 'a3cfd280-cb36-11ea-853f-2def3854bd1a';
[2020-07-21T17:43:51.659] [INFO] default - Executing (default): SELECT `id`, `text`, `obj_id`, `obj_name`, `user_id`, `user_name`, `target_id`, `target_name`, `ext`, `status`, `flag`, `createdAt`, `updatedAt` FROM `m_comments` AS `m_comment` WHERE `m_comment`.`flag` = 0 AND `m_comment`.`obj_id` = 'a3cfd280-cb36-11ea-853f-2def3854bd1a' ORDER BY `m_comment`.`updatedAt` DESC;
[2020-07-21T17:44:46.450] [INFO] default - Executing (default): SELECT `id`, `doc_name`, `path_url`, `author_id`, `author_name`, `category_id`, `category_name`, `ext`, `ext2`, `status`, `flag`, `createdAt`, `updatedAt` FROM `m_docs` AS `m_doc` WHERE `m_doc`.`id` = 'a3cfd280-cb36-11ea-853f-2def3854bd1a';
[2020-07-21T17:44:46.457] [INFO] default - Executing (default): SELECT count(*) AS `count` FROM `m_comments` AS `m_comment` WHERE `m_comment`.`flag` = 0 AND `m_comment`.`obj_id` = 'a3cfd280-cb36-11ea-853f-2def3854bd1a';
[2020-07-21T17:44:46.458] [INFO] default - Executing (default): SELECT `id`, `text`, `obj_id`, `obj_name`, `user_id`, `user_name`, `target_id`, `target_name`, `ext`, `status`, `flag`, `createdAt`, `updatedAt` FROM `m_comments` AS `m_comment` WHERE `m_comment`.`flag` = 0 AND `m_comment`.`obj_id` = 'a3cfd280-cb36-11ea-853f-2def3854bd1a' ORDER BY `m_comment`.`updatedAt` DESC;
[2020-07-21T18:04:56.829] [INFO] default - Executing (default): SELECT count(*) AS `count` FROM `m_docs` AS `m_doc` WHERE `m_doc`.`flag` = 0;
[2020-07-21T18:04:56.830] [INFO] default - Executing (default): SELECT `id`, `doc_name`, `path_url`, `author_id`, `author_name`, `category_id`, `category_name`, `ext`, `ext2`, `status`, `flag`, `createdAt`, `updatedAt` FROM `m_docs` AS `m_doc` WHERE `m_doc`.`flag` = 0 LIMIT 0, 20;
[2020-07-21T18:04:58.608] [INFO] default - Executing (default): SELECT count(*) AS `count` FROM `m_docs` AS `m_doc` WHERE `m_doc`.`flag` = 0;
[2020-07-21T18:04:58.609] [INFO] default - Executing (default): SELECT `id`, `doc_name`, `path_url`, `author_id`, `author_name`, `category_id`, `category_name`, `ext`, `ext2`, `status`, `flag`, `createdAt`, `updatedAt` FROM `m_docs` AS `m_doc` WHERE `m_doc`.`flag` = 0 LIMIT 0, 20;
[2020-07-21T18:05:00.173] [INFO] default - Executing (default): SELECT `id`, `doc_name`, `path_url`, `author_id`, `author_name`, `category_id`, `category_name`, `ext`, `ext2`, `status`, `flag`, `createdAt`, `updatedAt` FROM `m_docs` AS `m_doc` WHERE `m_doc`.`id` = '0a5826d0-c63f-11ea-a3af-63d39404bea5';
[2020-07-21T18:05:00.210] [INFO] default - Executing (default): SELECT count(*) AS `count` FROM `m_comments` AS `m_comment` WHERE `m_comment`.`flag` = 0 AND `m_comment`.`obj_id` = '0a5826d0-c63f-11ea-a3af-63d39404bea5';
[2020-07-21T18:05:00.211] [INFO] default - Executing (default): SELECT `id`, `text`, `obj_id`, `obj_name`, `user_id`, `user_name`, `target_id`, `target_name`, `ext`, `status`, `flag`, `createdAt`, `updatedAt` FROM `m_comments` AS `m_comment` WHERE `m_comment`.`flag` = 0 AND `m_comment`.`obj_id` = '0a5826d0-c63f-11ea-a3af-63d39404bea5' ORDER BY `m_comment`.`updatedAt` DESC;
[2020-07-22T15:33:58.651] [INFO] default - bamboo server is running at http://localhost:9077
[2020-07-22T15:58:44.496] [INFO] default - Executing (default): INSERT INTO `m_docs` (`id`,`doc_name`,`path_url`,`status`,`flag`,`createdAt`,`updatedAt`) VALUES (?,?,?,?,?,?,?);
[2020-07-22T15:58:44.820] [INFO] default - 文章创建成功！2a09e5b0-cbf1-11ea-b9a9-1786ce702375
[2020-07-22T15:58:44.948] [INFO] default - 文章根目录：D:\itcastzm\bamboo\src\docs\2a09e5b0-cbf1-11ea-b9a9-1786ce702375\ 创建成功!
[2020-07-22T15:59:37.936] [INFO] default - Executing (default): INSERT INTO `m_docs` (`id`,`doc_name`,`path_url`,`status`,`flag`,`createdAt`,`updatedAt`) VALUES (?,?,?,?,?,?,?);
[2020-07-22T15:59:38.050] [INFO] default - 文章创建成功！4a1ea2a0-cbf1-11ea-b9a9-1786ce702375
[2020-07-22T15:59:38.051] [INFO] default - 文章根目录：D:\itcastzm\bamboo\src\docs\4a1ea2a0-cbf1-11ea-b9a9-1786ce702375\ 创建成功!
[2020-07-22T16:00:43.448] [INFO] default - Executing (default): INSERT INTO `m_docs` (`id`,`doc_name`,`path_url`,`status`,`flag`,`createdAt`,`updatedAt`) VALUES (?,?,?,?,?,?,?);
[2020-07-22T16:00:43.550] [INFO] default - 文章创建成功！712ad210-cbf1-11ea-b9a9-1786ce702375
[2020-07-22T16:00:43.551] [INFO] default - 文章根目录：D:\itcastzm\bamboo\src\docs\712ad210-cbf1-11ea-b9a9-1786ce702375\ 创建成功!
[2020-07-22T16:00:47.015] [INFO] default - Executing (default): SELECT count(*) AS `count` FROM `m_docs` AS `m_doc` WHERE `m_doc`.`flag` = 0;
[2020-07-22T16:00:47.016] [INFO] default - Executing (default): SELECT `id`, `doc_name`, `path_url`, `author_id`, `author_name`, `category_id`, `category_name`, `ext`, `ext2`, `status`, `flag`, `createdAt`, `updatedAt` FROM `m_docs` AS `m_doc` WHERE `m_doc`.`flag` = 0 LIMIT 0, 20;
[2020-07-22T16:00:48.775] [INFO] default - Executing (default): SELECT count(*) AS `count` FROM `m_docs` AS `m_doc` WHERE `m_doc`.`flag` = 0;
[2020-07-22T16:00:48.777] [INFO] default - Executing (default): SELECT `id`, `doc_name`, `path_url`, `author_id`, `author_name`, `category_id`, `category_name`, `ext`, `ext2`, `status`, `flag`, `createdAt`, `updatedAt` FROM `m_docs` AS `m_doc` WHERE `m_doc`.`flag` = 0 LIMIT 0, 20;
[2020-07-22T16:00:55.689] [INFO] default - Executing (default): SELECT `id`, `doc_name`, `path_url`, `author_id`, `author_name`, `category_id`, `category_name`, `ext`, `ext2`, `status`, `flag`, `createdAt`, `updatedAt` FROM `m_docs` AS `m_doc` WHERE `m_doc`.`id` = '712ad210-cbf1-11ea-b9a9-1786ce702375';
[2020-07-22T16:00:55.692] [INFO] default - Executing (default): SELECT count(*) AS `count` FROM `m_comments` AS `m_comment` WHERE `m_comment`.`flag` = 0 AND `m_comment`.`obj_id` = '712ad210-cbf1-11ea-b9a9-1786ce702375';
[2020-07-22T16:00:55.693] [INFO] default - Executing (default): SELECT `id`, `text`, `obj_id`, `obj_name`, `user_id`, `user_name`, `target_id`, `target_name`, `ext`, `status`, `flag`, `createdAt`, `updatedAt` FROM `m_comments` AS `m_comment` WHERE `m_comment`.`flag` = 0 AND `m_comment`.`obj_id` = '712ad210-cbf1-11ea-b9a9-1786ce702375' ORDER BY `m_comment`.`updatedAt` DESC;
[2020-07-22T16:03:37.682] [INFO] default - bamboo server is running at http://localhost:9077
[2020-07-22T16:03:51.911] [INFO] default - Executing (default): SELECT `id`, `doc_name`, `path_url`, `author_id`, `author_name`, `category_id`, `category_name`, `ext`, `ext2`, `status`, `flag`, `createdAt`, `updatedAt` FROM `m_docs` AS `m_doc` WHERE `m_doc`.`id` = '712ad210-cbf1-11ea-b9a9-1786ce702375';
[2020-07-22T16:03:51.929] [INFO] default - Executing (default): SELECT count(*) AS `count` FROM `m_comments` AS `m_comment` WHERE `m_comment`.`flag` = 0 AND `m_comment`.`obj_id` = '712ad210-cbf1-11ea-b9a9-1786ce702375';
[2020-07-22T16:03:51.931] [INFO] default - Executing (default): SELECT `id`, `text`, `obj_id`, `obj_name`, `user_id`, `user_name`, `target_id`, `target_name`, `ext`, `status`, `flag`, `createdAt`, `updatedAt` FROM `m_comments` AS `m_comment` WHERE `m_comment`.`flag` = 0 AND `m_comment`.`obj_id` = '712ad210-cbf1-11ea-b9a9-1786ce702375' ORDER BY `m_comment`.`updatedAt` DESC;
[2020-07-22T16:04:23.481] [INFO] default - Executing (default): INSERT INTO `m_docs` (`id`,`doc_name`,`path_url`,`status`,`flag`,`createdAt`,`updatedAt`) VALUES (?,?,?,?,?,?,?);
[2020-07-22T16:04:23.638] [INFO] default - 文章创建成功！f44f3550-cbf1-11ea-9f41-35f9059464af
[2020-07-22T16:04:23.639] [INFO] default - 文章根目录：D:\itcastzm\bamboo\src\docs\f44f3550-cbf1-11ea-9f41-35f9059464af\ 创建成功!
[2020-07-22T16:04:23.640] [INFO] default - path
[2020-07-22T16:06:27.413] [INFO] default - bamboo server is running at http://localhost:9077
[2020-07-22T16:08:08.194] [INFO] default - Executing (default): INSERT INTO `m_docs` (`id`,`doc_name`,`path_url`,`status`,`flag`,`createdAt`,`updatedAt`) VALUES (?,?,?,?,?,?,?);
[2020-07-22T16:08:08.296] [INFO] default - 文章创建成功！7a394840-cbf2-11ea-95eb-89e14a816554
[2020-07-22T16:08:08.297] [INFO] default - 文章根目录：D:\itcastzm\bamboo\src\docs\7a394840-cbf2-11ea-95eb-89e14a816554\ 创建成功!
[2020-07-22T16:08:08.298] [INFO] default - path01-教学资料/JavaScript基础第一天笔记.md
[2020-07-22T16:08:08.298] [INFO] default - path01-教学资料/JavaScript基础第一天笔记.assets/1563762207942.png
[2020-07-22T16:08:08.298] [INFO] default - 文章资源目录D:\itcastzm\bamboo\src\docs\7a394840-cbf2-11ea-95eb-89e14a816554\JavaScript基础第一天笔记.assets\创建成功！
[2020-07-22T16:08:08.299] [INFO] default - path01-教学资料/JavaScript基础第一天笔记.assets/1563762249946.png
[2020-07-22T16:08:08.299] [INFO] default - path01-教学资料/JavaScript基础第一天笔记.assets/1563762757471.png
[2020-07-22T16:08:08.299] [INFO] default - path01-教学资料/JavaScript基础第一天笔记.assets/1563763151277.png
[2020-07-22T16:08:08.300] [INFO] default - path01-教学资料/JavaScript基础第一天笔记.assets/1563763564197.png
[2020-07-22T16:08:08.301] [INFO] default - path01-教学资料/JavaScript基础第一天笔记.assets/1563763970358.png
[2020-07-22T16:08:08.301] [INFO] default - path01-教学资料/JavaScript基础第一天笔记.assets/1563765779607.png
[2020-07-22T16:08:08.325] [INFO] default - path01-教学资料/JavaScript基础第一天笔记.assets/1563766992977.png
[2020-07-22T16:08:08.326] [INFO] default - path01-教学资料/JavaScript基础第一天笔记.assets/1563778558424.png
[2020-07-22T16:08:08.326] [INFO] default - path01-教学资料/JavaScript基础第一天笔记.assets/1563778560956.png
[2020-07-22T16:08:08.328] [INFO] default - path01-教学资料/JavaScript基础第一天笔记.assets/1563779543417.png
[2020-07-22T16:08:08.329] [INFO] default - path01-教学资料/JavaScript基础第一天笔记.assets/1563782123828.png
[2020-07-22T16:08:08.330] [INFO] default - path01-教学资料/JavaScript基础第一天笔记.assets/1563786719428.png
[2020-07-22T16:08:08.330] [INFO] default - path01-教学资料/JavaScript基础第一天笔记.assets/1563786956750.png
[2020-07-22T16:08:08.330] [INFO] default - path01-教学资料/JavaScript基础第一天笔记.assets/1566289828767.png
[2020-07-22T16:08:08.332] [INFO] default - path01-教学资料/JavaScript基础第一天笔记.assets/1570931510718.png
[2020-07-22T16:08:08.332] [INFO] default - path01-教学资料/JavaScript基础第一天笔记.assets/1570937669506.png
[2020-07-22T16:08:08.333] [INFO] default - path01-教学资料/JavaScript基础第一天笔记.assets/1570938693195.png
[2020-07-22T16:08:08.333] [INFO] default - path01-教学资料/JavaScript基础第一天笔记.assets/1570938715254.png
[2020-07-22T16:08:08.334] [INFO] default - path01-教学资料/JavaScript基础第一天笔记.assets/1570938942576.png
[2020-07-22T16:08:08.334] [INFO] default - path01-教学资料/JavaScript基础第一天笔记.assets/1570940399032.png
[2020-07-22T16:08:08.335] [INFO] default - path01-教学资料/JavaScript基础第一天笔记.assets/1570948953329.png
[2020-07-22T16:08:08.336] [INFO] default - path01-教学资料/JavaScript基础第一天笔记.assets/1570950142869.png
[2020-07-22T16:08:08.336] [INFO] default - path01-教学资料/JavaScript基础第一天笔记.assets/1570950145834.png
[2020-07-22T16:08:08.336] [INFO] default - path01-教学资料/JavaScript基础第一天笔记.assets/1570950944191.png
[2020-07-22T16:08:08.339] [INFO] default - path01-教学资料/JavaScript基础第一天笔记.assets/1570953522749.png
[2020-07-22T16:08:08.339] [INFO] default - path01-教学资料/JavaScript基础第一天笔记.assets/1570954162587.png
[2020-07-22T16:08:08.339] [INFO] default - path01-教学资料/JavaScript基础第一天笔记.assets/1570956458546.png
[2020-07-22T16:08:08.339] [INFO] default - path01-教学资料/JavaScript基础第一天笔记.assets/1570957688425.png
[2020-07-22T16:08:08.340] [INFO] default - path01-教学资料/JavaScript基础第一天笔记.assets/1A51A45D.png
[2020-07-22T16:08:08.341] [INFO] default - path01-教学资料/JavaScript基础第一天笔记.assets/liulanqi.jpg
[2020-07-22T16:08:08.342] [INFO] default - path01-教学资料/JavaScript基础第一天笔记.assets/yuyan.jpg
[2020-07-22T16:08:08.343] [INFO] default - path01-教学资料/JavaScript基础第一天笔记.assets/工资计算.gif
[2020-07-22T16:08:08.352] [INFO] default - 文章资源文件D:\itcastzm\bamboo\src\docs\7a394840-cbf2-11ea-95eb-89e14a816554\index.md创建成功！
[2020-07-22T16:08:08.352] [INFO] default - 文章资源文件D:\itcastzm\bamboo\src\docs\7a394840-cbf2-11ea-95eb-89e14a816554\JavaScript基础第一天笔记.assets\1563762207942.png创建成功！
[2020-07-22T16:08:08.352] [INFO] default - 文章资源文件D:\itcastzm\bamboo\src\docs\7a394840-cbf2-11ea-95eb-89e14a816554\JavaScript基础第一天笔记.assets\1563763151277.png创建成功！
[2020-07-22T16:08:08.352] [INFO] default - 文章资源文件D:\itcastzm\bamboo\src\docs\7a394840-cbf2-11ea-95eb-89e14a816554\JavaScript基础第一天笔记.assets\1563762249946.png创建成功！
[2020-07-22T16:08:08.353] [INFO] default - 文章资源文件D:\itcastzm\bamboo\src\docs\7a394840-cbf2-11ea-95eb-89e14a816554\JavaScript基础第一天笔记.assets\1563763970358.png创建成功！
[2020-07-22T16:08:08.353] [INFO] default - 文章资源文件D:\itcastzm\bamboo\src\docs\7a394840-cbf2-11ea-95eb-89e14a816554\JavaScript基础第一天笔记.assets\1563763564197.png创建成功！
[2020-07-22T16:08:08.353] [INFO] default - 文章资源文件D:\itcastzm\bamboo\src\docs\7a394840-cbf2-11ea-95eb-89e14a816554\JavaScript基础第一天笔记.assets\1563766992977.png创建成功！
[2020-07-22T16:08:08.353] [INFO] default - 文章资源文件D:\itcastzm\bamboo\src\docs\7a394840-cbf2-11ea-95eb-89e14a816554\JavaScript基础第一天笔记.assets\1563779543417.png创建成功！
[2020-07-22T16:08:08.353] [INFO] default - 文章资源文件D:\itcastzm\bamboo\src\docs\7a394840-cbf2-11ea-95eb-89e14a816554\JavaScript基础第一天笔记.assets\1563778558424.png创建成功！
[2020-07-22T16:08:08.353] [INFO] default - 文章资源文件D:\itcastzm\bamboo\src\docs\7a394840-cbf2-11ea-95eb-89e14a816554\JavaScript基础第一天笔记.assets\1563786719428.png创建成功！
[2020-07-22T16:08:08.353] [INFO] default - 文章资源文件D:\itcastzm\bamboo\src\docs\7a394840-cbf2-11ea-95eb-89e14a816554\JavaScript基础第一天笔记.assets\1563778560956.png创建成功！
[2020-07-22T16:08:08.353] [INFO] default - 文章资源文件D:\itcastzm\bamboo\src\docs\7a394840-cbf2-11ea-95eb-89e14a816554\JavaScript基础第一天笔记.assets\1563786956750.png创建成功！
[2020-07-22T16:08:08.353] [INFO] default - 文章资源文件D:\itcastzm\bamboo\src\docs\7a394840-cbf2-11ea-95eb-89e14a816554\JavaScript基础第一天笔记.assets\1563782123828.png创建成功！
[2020-07-22T16:08:08.353] [INFO] default - 文章资源文件D:\itcastzm\bamboo\src\docs\7a394840-cbf2-11ea-95eb-89e14a816554\JavaScript基础第一天笔记.assets\1566289828767.png创建成功！
[2020-07-22T16:08:08.353] [INFO] default - 文章资源文件D:\itcastzm\bamboo\src\docs\7a394840-cbf2-11ea-95eb-89e14a816554\JavaScript基础第一天笔记.assets\1570937669506.png创建成功！
[2020-07-22T16:08:08.353] [INFO] default - 文章资源文件D:\itcastzm\bamboo\src\docs\7a394840-cbf2-11ea-95eb-89e14a816554\JavaScript基础第一天笔记.assets\1570931510718.png创建成功！
[2020-07-22T16:08:08.354] [INFO] default - 文章资源文件D:\itcastzm\bamboo\src\docs\7a394840-cbf2-11ea-95eb-89e14a816554\JavaScript基础第一天笔记.assets\1570938942576.png创建成功！
[2020-07-22T16:08:08.354] [INFO] default - 文章资源文件D:\itcastzm\bamboo\src\docs\7a394840-cbf2-11ea-95eb-89e14a816554\JavaScript基础第一天笔记.assets\1570938715254.png创建成功！
[2020-07-22T16:08:08.354] [INFO] default - 文章资源文件D:\itcastzm\bamboo\src\docs\7a394840-cbf2-11ea-95eb-89e14a816554\JavaScript基础第一天笔记.assets\1570948953329.png创建成功！
[2020-07-22T16:08:08.354] [INFO] default - 文章资源文件D:\itcastzm\bamboo\src\docs\7a394840-cbf2-11ea-95eb-89e14a816554\JavaScript基础第一天笔记.assets\1570938693195.png创建成功！
[2020-07-22T16:08:08.354] [INFO] default - 文章资源文件D:\itcastzm\bamboo\src\docs\7a394840-cbf2-11ea-95eb-89e14a816554\JavaScript基础第一天笔记.assets\1570950145834.png创建成功！
[2020-07-22T16:08:08.354] [INFO] default - 文章资源文件D:\itcastzm\bamboo\src\docs\7a394840-cbf2-11ea-95eb-89e14a816554\JavaScript基础第一天笔记.assets\1570940399032.png创建成功！
[2020-07-22T16:08:08.354] [INFO] default - 文章资源文件D:\itcastzm\bamboo\src\docs\7a394840-cbf2-11ea-95eb-89e14a816554\JavaScript基础第一天笔记.assets\1570950944191.png创建成功！
[2020-07-22T16:08:08.355] [INFO] default - 文章资源文件D:\itcastzm\bamboo\src\docs\7a394840-cbf2-11ea-95eb-89e14a816554\JavaScript基础第一天笔记.assets\1570950142869.png创建成功！
[2020-07-22T16:08:08.355] [INFO] default - 文章资源文件D:\itcastzm\bamboo\src\docs\7a394840-cbf2-11ea-95eb-89e14a816554\JavaScript基础第一天笔记.assets\1570957688425.png创建成功！
[2020-07-22T16:08:08.355] [INFO] default - 文章资源文件D:\itcastzm\bamboo\src\docs\7a394840-cbf2-11ea-95eb-89e14a816554\JavaScript基础第一天笔记.assets\1570954162587.png创建成功！
[2020-07-22T16:08:08.355] [INFO] default - 文章资源文件D:\itcastzm\bamboo\src\docs\7a394840-cbf2-11ea-95eb-89e14a816554\JavaScript基础第一天笔记.assets\1570953522749.png创建成功！
[2020-07-22T16:08:08.355] [INFO] default - 文章资源文件D:\itcastzm\bamboo\src\docs\7a394840-cbf2-11ea-95eb-89e14a816554\JavaScript基础第一天笔记.assets\1570956458546.png创建成功！
[2020-07-22T16:08:08.356] [INFO] default - 文章资源文件D:\itcastzm\bamboo\src\docs\7a394840-cbf2-11ea-95eb-89e14a816554\JavaScript基础第一天笔记.assets\1563765779607.png创建成功！
[2020-07-22T16:08:08.356] [INFO] default - 文章资源文件D:\itcastzm\bamboo\src\docs\7a394840-cbf2-11ea-95eb-89e14a816554\JavaScript基础第一天笔记.assets\liulanqi.jpg创建成功！
[2020-07-22T16:08:08.356] [INFO] default - 文章资源文件D:\itcastzm\bamboo\src\docs\7a394840-cbf2-11ea-95eb-89e14a816554\JavaScript基础第一天笔记.assets\yuyan.jpg创建成功！
[2020-07-22T16:08:08.356] [INFO] default - 文章资源文件D:\itcastzm\bamboo\src\docs\7a394840-cbf2-11ea-95eb-89e14a816554\JavaScript基础第一天笔记.assets\1A51A45D.png创建成功！
[2020-07-22T16:08:08.356] [INFO] default - 文章资源文件D:\itcastzm\bamboo\src\docs\7a394840-cbf2-11ea-95eb-89e14a816554\JavaScript基础第一天笔记.assets\1563762757471.png创建成功！
[2020-07-22T16:08:08.356] [INFO] default - 文章资源文件D:\itcastzm\bamboo\src\docs\7a394840-cbf2-11ea-95eb-89e14a816554\JavaScript基础第一天笔记.assets\工资计算.gif创建成功！
[2020-07-22T16:09:43.406] [INFO] default - Executing (default): SELECT count(*) AS `count` FROM `m_docs` AS `m_doc` WHERE `m_doc`.`flag` = 0;
[2020-07-22T16:09:43.407] [INFO] default - Executing (default): SELECT `id`, `doc_name`, `path_url`, `author_id`, `author_name`, `category_id`, `category_name`, `ext`, `ext2`, `status`, `flag`, `createdAt`, `updatedAt` FROM `m_docs` AS `m_doc` WHERE `m_doc`.`flag` = 0 LIMIT 0, 20;
[2020-07-22T16:09:45.131] [INFO] default - Executing (default): SELECT count(*) AS `count` FROM `m_docs` AS `m_doc` WHERE `m_doc`.`flag` = 0;
[2020-07-22T16:09:45.132] [INFO] default - Executing (default): SELECT `id`, `doc_name`, `path_url`, `author_id`, `author_name`, `category_id`, `category_name`, `ext`, `ext2`, `status`, `flag`, `createdAt`, `updatedAt` FROM `m_docs` AS `m_doc` WHERE `m_doc`.`flag` = 0 LIMIT 0, 20;
[2020-07-22T16:10:02.338] [INFO] default - Executing (default): SELECT `id`, `doc_name`, `path_url`, `author_id`, `author_name`, `category_id`, `category_name`, `ext`, `ext2`, `status`, `flag`, `createdAt`, `updatedAt` FROM `m_docs` AS `m_doc` WHERE `m_doc`.`id` = 'f44f3550-cbf1-11ea-9f41-35f9059464af';
[2020-07-22T16:10:02.345] [INFO] default - Executing (default): SELECT count(*) AS `count` FROM `m_comments` AS `m_comment` WHERE `m_comment`.`flag` = 0 AND `m_comment`.`obj_id` = 'f44f3550-cbf1-11ea-9f41-35f9059464af';
[2020-07-22T16:10:02.346] [INFO] default - Executing (default): SELECT `id`, `text`, `obj_id`, `obj_name`, `user_id`, `user_name`, `target_id`, `target_name`, `ext`, `status`, `flag`, `createdAt`, `updatedAt` FROM `m_comments` AS `m_comment` WHERE `m_comment`.`flag` = 0 AND `m_comment`.`obj_id` = 'f44f3550-cbf1-11ea-9f41-35f9059464af' ORDER BY `m_comment`.`updatedAt` DESC;
[2020-07-22T16:10:06.337] [INFO] default - Executing (default): SELECT count(*) AS `count` FROM `m_docs` AS `m_doc` WHERE `m_doc`.`flag` = 0;
[2020-07-22T16:10:06.337] [INFO] default - Executing (default): SELECT `id`, `doc_name`, `path_url`, `author_id`, `author_name`, `category_id`, `category_name`, `ext`, `ext2`, `status`, `flag`, `createdAt`, `updatedAt` FROM `m_docs` AS `m_doc` WHERE `m_doc`.`flag` = 0 LIMIT 0, 20;
[2020-07-22T16:10:09.374] [INFO] default - Executing (default): SELECT `id`, `doc_name`, `path_url`, `author_id`, `author_name`, `category_id`, `category_name`, `ext`, `ext2`, `status`, `flag`, `createdAt`, `updatedAt` FROM `m_docs` AS `m_doc` WHERE `m_doc`.`id` = '712ad210-cbf1-11ea-b9a9-1786ce702375';
[2020-07-22T16:10:09.377] [INFO] default - Executing (default): SELECT count(*) AS `count` FROM `m_comments` AS `m_comment` WHERE `m_comment`.`flag` = 0 AND `m_comment`.`obj_id` = '712ad210-cbf1-11ea-b9a9-1786ce702375';
[2020-07-22T16:10:09.378] [INFO] default - Executing (default): SELECT `id`, `text`, `obj_id`, `obj_name`, `user_id`, `user_name`, `target_id`, `target_name`, `ext`, `status`, `flag`, `createdAt`, `updatedAt` FROM `m_comments` AS `m_comment` WHERE `m_comment`.`flag` = 0 AND `m_comment`.`obj_id` = '712ad210-cbf1-11ea-b9a9-1786ce702375' ORDER BY `m_comment`.`updatedAt` DESC;
[2020-07-22T16:10:13.276] [INFO] default - Executing (default): SELECT count(*) AS `count` FROM `m_docs` AS `m_doc` WHERE `m_doc`.`flag` = 0;
[2020-07-22T16:10:13.277] [INFO] default - Executing (default): SELECT `id`, `doc_name`, `path_url`, `author_id`, `author_name`, `category_id`, `category_name`, `ext`, `ext2`, `status`, `flag`, `createdAt`, `updatedAt` FROM `m_docs` AS `m_doc` WHERE `m_doc`.`flag` = 0 LIMIT 0, 20;
[2020-07-22T16:11:13.678] [INFO] default - Executing (default): SELECT count(*) AS `count` FROM `m_docs` AS `m_doc` WHERE `m_doc`.`flag` = 0;
[2020-07-22T16:11:13.678] [INFO] default - Executing (default): SELECT `id`, `doc_name`, `path_url`, `author_id`, `author_name`, `category_id`, `category_name`, `ext`, `ext2`, `status`, `flag`, `createdAt`, `updatedAt` FROM `m_docs` AS `m_doc` WHERE `m_doc`.`flag` = 0 LIMIT 0, 20;
[2020-07-22T16:11:21.917] [INFO] default - Executing (default): SELECT `id`, `doc_name`, `path_url`, `author_id`, `author_name`, `category_id`, `category_name`, `ext`, `ext2`, `status`, `flag`, `createdAt`, `updatedAt` FROM `m_docs` AS `m_doc` WHERE `m_doc`.`id` = '7a394840-cbf2-11ea-95eb-89e14a816554';
[2020-07-22T16:11:21.919] [INFO] default - Executing (default): SELECT count(*) AS `count` FROM `m_comments` AS `m_comment` WHERE `m_comment`.`flag` = 0 AND `m_comment`.`obj_id` = '7a394840-cbf2-11ea-95eb-89e14a816554';
[2020-07-22T16:11:21.920] [INFO] default - Executing (default): SELECT `id`, `text`, `obj_id`, `obj_name`, `user_id`, `user_name`, `target_id`, `target_name`, `ext`, `status`, `flag`, `createdAt`, `updatedAt` FROM `m_comments` AS `m_comment` WHERE `m_comment`.`flag` = 0 AND `m_comment`.`obj_id` = '7a394840-cbf2-11ea-95eb-89e14a816554' ORDER BY `m_comment`.`updatedAt` DESC;
[2020-07-22T16:33:54.802] [INFO] default - Executing (default): SELECT `id`, `doc_name`, `path_url`, `author_id`, `author_name`, `category_id`, `category_name`, `ext`, `ext2`, `status`, `flag`, `createdAt`, `updatedAt` FROM `m_docs` AS `m_doc` WHERE `m_doc`.`id` = '7a394840-cbf2-11ea-95eb-89e14a816554';
[2020-07-22T16:33:54.808] [INFO] default - Executing (default): SELECT count(*) AS `count` FROM `m_comments` AS `m_comment` WHERE `m_comment`.`flag` = 0 AND `m_comment`.`obj_id` = '7a394840-cbf2-11ea-95eb-89e14a816554';
[2020-07-22T16:33:54.809] [INFO] default - Executing (default): SELECT `id`, `text`, `obj_id`, `obj_name`, `user_id`, `user_name`, `target_id`, `target_name`, `ext`, `status`, `flag`, `createdAt`, `updatedAt` FROM `m_comments` AS `m_comment` WHERE `m_comment`.`flag` = 0 AND `m_comment`.`obj_id` = '7a394840-cbf2-11ea-95eb-89e14a816554' ORDER BY `m_comment`.`updatedAt` DESC;
[2020-07-22T16:34:00.483] [INFO] default - Executing (default): SELECT `id`, `doc_name`, `path_url`, `author_id`, `author_name`, `category_id`, `category_name`, `ext`, `ext2`, `status`, `flag`, `createdAt`, `updatedAt` FROM `m_docs` AS `m_doc` WHERE `m_doc`.`id` = '7a394840-cbf2-11ea-95eb-89e14a816554';
[2020-07-22T16:34:00.487] [INFO] default - Executing (default): SELECT count(*) AS `count` FROM `m_comments` AS `m_comment` WHERE `m_comment`.`flag` = 0 AND `m_comment`.`obj_id` = '7a394840-cbf2-11ea-95eb-89e14a816554';
[2020-07-22T16:34:00.487] [INFO] default - Executing (default): SELECT `id`, `text`, `obj_id`, `obj_name`, `user_id`, `user_name`, `target_id`, `target_name`, `ext`, `status`, `flag`, `createdAt`, `updatedAt` FROM `m_comments` AS `m_comment` WHERE `m_comment`.`flag` = 0 AND `m_comment`.`obj_id` = '7a394840-cbf2-11ea-95eb-89e14a816554' ORDER BY `m_comment`.`updatedAt` DESC;
[2020-07-22T16:35:37.796] [INFO] default - Executing (default): SELECT `id`, `doc_name`, `path_url`, `author_id`, `author_name`, `category_id`, `category_name`, `ext`, `ext2`, `status`, `flag`, `createdAt`, `updatedAt` FROM `m_docs` AS `m_doc` WHERE `m_doc`.`id` = '7a394840-cbf2-11ea-95eb-89e14a816554';
[2020-07-22T16:35:37.836] [INFO] default - Executing (default): SELECT count(*) AS `count` FROM `m_comments` AS `m_comment` WHERE `m_comment`.`flag` = 0 AND `m_comment`.`obj_id` = '7a394840-cbf2-11ea-95eb-89e14a816554';
[2020-07-22T16:35:37.837] [INFO] default - Executing (default): SELECT `id`, `text`, `obj_id`, `obj_name`, `user_id`, `user_name`, `target_id`, `target_name`, `ext`, `status`, `flag`, `createdAt`, `updatedAt` FROM `m_comments` AS `m_comment` WHERE `m_comment`.`flag` = 0 AND `m_comment`.`obj_id` = '7a394840-cbf2-11ea-95eb-89e14a816554' ORDER BY `m_comment`.`updatedAt` DESC;
[2020-07-22T16:37:48.660] [INFO] default - Executing (default): SELECT `id`, `doc_name`, `path_url`, `author_id`, `author_name`, `category_id`, `category_name`, `ext`, `ext2`, `status`, `flag`, `createdAt`, `updatedAt` FROM `m_docs` AS `m_doc` WHERE `m_doc`.`id` = '7a394840-cbf2-11ea-95eb-89e14a816554';
[2020-07-22T16:37:48.662] [INFO] default - Executing (default): SELECT count(*) AS `count` FROM `m_comments` AS `m_comment` WHERE `m_comment`.`flag` = 0 AND `m_comment`.`obj_id` = '7a394840-cbf2-11ea-95eb-89e14a816554';
[2020-07-22T16:37:48.664] [INFO] default - Executing (default): SELECT `id`, `text`, `obj_id`, `obj_name`, `user_id`, `user_name`, `target_id`, `target_name`, `ext`, `status`, `flag`, `createdAt`, `updatedAt` FROM `m_comments` AS `m_comment` WHERE `m_comment`.`flag` = 0 AND `m_comment`.`obj_id` = '7a394840-cbf2-11ea-95eb-89e14a816554' ORDER BY `m_comment`.`updatedAt` DESC;
[2020-07-22T16:40:03.910] [INFO] default - Executing (default): SELECT `id`, `doc_name`, `path_url`, `author_id`, `author_name`, `category_id`, `category_name`, `ext`, `ext2`, `status`, `flag`, `createdAt`, `updatedAt` FROM `m_docs` AS `m_doc` WHERE `m_doc`.`id` = '7a394840-cbf2-11ea-95eb-89e14a816554';
[2020-07-22T16:40:03.912] [INFO] default - Executing (default): SELECT count(*) AS `count` FROM `m_comments` AS `m_comment` WHERE `m_comment`.`flag` = 0 AND `m_comment`.`obj_id` = '7a394840-cbf2-11ea-95eb-89e14a816554';
[2020-07-22T16:40:03.913] [INFO] default - Executing (default): SELECT `id`, `text`, `obj_id`, `obj_name`, `user_id`, `user_name`, `target_id`, `target_name`, `ext`, `status`, `flag`, `createdAt`, `updatedAt` FROM `m_comments` AS `m_comment` WHERE `m_comment`.`flag` = 0 AND `m_comment`.`obj_id` = '7a394840-cbf2-11ea-95eb-89e14a816554' ORDER BY `m_comment`.`updatedAt` DESC;
[2020-07-22T16:42:28.599] [INFO] default - Executing (default): SELECT `id`, `doc_name`, `path_url`, `author_id`, `author_name`, `category_id`, `category_name`, `ext`, `ext2`, `status`, `flag`, `createdAt`, `updatedAt` FROM `m_docs` AS `m_doc` WHERE `m_doc`.`id` = '7a394840-cbf2-11ea-95eb-89e14a816554';
[2020-07-22T16:42:28.602] [INFO] default - Executing (default): SELECT count(*) AS `count` FROM `m_comments` AS `m_comment` WHERE `m_comment`.`flag` = 0 AND `m_comment`.`obj_id` = '7a394840-cbf2-11ea-95eb-89e14a816554';
[2020-07-22T16:42:28.603] [INFO] default - Executing (default): SELECT `id`, `text`, `obj_id`, `obj_name`, `user_id`, `user_name`, `target_id`, `target_name`, `ext`, `status`, `flag`, `createdAt`, `updatedAt` FROM `m_comments` AS `m_comment` WHERE `m_comment`.`flag` = 0 AND `m_comment`.`obj_id` = '7a394840-cbf2-11ea-95eb-89e14a816554' ORDER BY `m_comment`.`updatedAt` DESC;
[2020-07-22T16:44:16.368] [INFO] default - bamboo server is running at http://localhost:9077
[2020-07-22T16:44:35.149] [INFO] default - Executing (default): SELECT count(*) AS `count` FROM `m_docs` AS `m_doc` WHERE `m_doc`.`flag` = 0;
[2020-07-22T16:44:35.150] [INFO] default - Executing (default): SELECT `id`, `doc_name`, `path_url`, `author_id`, `author_name`, `category_id`, `category_name`, `ext`, `ext2`, `status`, `flag`, `createdAt`, `updatedAt` FROM `m_docs` AS `m_doc` WHERE `m_doc`.`flag` = 0 LIMIT 0, 20;
[2020-07-22T16:44:37.404] [INFO] default - Executing (default): SELECT `id`, `doc_name`, `path_url`, `author_id`, `author_name`, `category_id`, `category_name`, `ext`, `ext2`, `status`, `flag`, `createdAt`, `updatedAt` FROM `m_docs` AS `m_doc` WHERE `m_doc`.`id` = '7a394840-cbf2-11ea-95eb-89e14a816554';
[2020-07-22T16:44:37.412] [INFO] default - Executing (default): SELECT count(*) AS `count` FROM `m_comments` AS `m_comment` WHERE `m_comment`.`flag` = 0 AND `m_comment`.`obj_id` = '7a394840-cbf2-11ea-95eb-89e14a816554';
[2020-07-22T16:44:37.412] [INFO] default - Executing (default): SELECT `id`, `text`, `obj_id`, `obj_name`, `user_id`, `user_name`, `target_id`, `target_name`, `ext`, `status`, `flag`, `createdAt`, `updatedAt` FROM `m_comments` AS `m_comment` WHERE `m_comment`.`flag` = 0 AND `m_comment`.`obj_id` = '7a394840-cbf2-11ea-95eb-89e14a816554' ORDER BY `m_comment`.`updatedAt` DESC;
[2020-07-22T16:44:56.298] [INFO] default - Executing (default): SELECT count(*) AS `count` FROM `m_docs` AS `m_doc` WHERE `m_doc`.`flag` = 0;
[2020-07-22T16:44:56.298] [INFO] default - Executing (default): SELECT `id`, `doc_name`, `path_url`, `author_id`, `author_name`, `category_id`, `category_name`, `ext`, `ext2`, `status`, `flag`, `createdAt`, `updatedAt` FROM `m_docs` AS `m_doc` WHERE `m_doc`.`flag` = 0 LIMIT 0, 20;
[2020-07-22T16:44:57.447] [INFO] default - Executing (default): SELECT `id`, `doc_name`, `path_url`, `author_id`, `author_name`, `category_id`, `category_name`, `ext`, `ext2`, `status`, `flag`, `createdAt`, `updatedAt` FROM `m_docs` AS `m_doc` WHERE `m_doc`.`id` = '7a394840-cbf2-11ea-95eb-89e14a816554';
[2020-07-22T16:44:57.449] [INFO] default - Executing (default): SELECT count(*) AS `count` FROM `m_comments` AS `m_comment` WHERE `m_comment`.`flag` = 0 AND `m_comment`.`obj_id` = '7a394840-cbf2-11ea-95eb-89e14a816554';
[2020-07-22T16:44:57.449] [INFO] default - Executing (default): SELECT `id`, `text`, `obj_id`, `obj_name`, `user_id`, `user_name`, `target_id`, `target_name`, `ext`, `status`, `flag`, `createdAt`, `updatedAt` FROM `m_comments` AS `m_comment` WHERE `m_comment`.`flag` = 0 AND `m_comment`.`obj_id` = '7a394840-cbf2-11ea-95eb-89e14a816554' ORDER BY `m_comment`.`updatedAt` DESC;
[2020-07-22T16:46:24.131] [INFO] default - Executing (default): INSERT INTO `m_docs` (`id`,`doc_name`,`path_url`,`status`,`flag`,`createdAt`,`updatedAt`) VALUES (?,?,?,?,?,?,?);
[2020-07-22T16:46:24.205] [INFO] default - 文章创建成功！d2bc0700-cbf7-11ea-8902-b7c85a711032
[2020-07-22T16:46:24.206] [INFO] default - 文章根目录：D:\itcastzm\bamboo\src\docs\d2bc0700-cbf7-11ea-8902-b7c85a711032\ 创建成功!
[2020-07-22T16:46:24.206] [INFO] default - path01-教学资料/JavaScript基础第二天笔记.md
[2020-07-22T16:46:24.207] [INFO] default - path01-教学资料/JavaScript基础第二天笔记.assets/1554859911332.png
[2020-07-22T16:46:24.207] [INFO] default - 文章资源目录D:\itcastzm\bamboo\src\docs\d2bc0700-cbf7-11ea-8902-b7c85a711032\JavaScript基础第二天笔记.assets\创建成功！
[2020-07-22T16:46:24.207] [INFO] default - path01-教学资料/JavaScript基础第二天笔记.assets/1554860023201.png
[2020-07-22T16:46:24.208] [INFO] default - path01-教学资料/JavaScript基础第二天笔记.assets/1554860964703.png
[2020-07-22T16:46:24.209] [INFO] default - path01-教学资料/JavaScript基础第二天笔记.assets/1554863081800.png
[2020-07-22T16:46:24.209] [INFO] default - path01-教学资料/JavaScript基础第二天笔记.assets/1554863367114.png
[2020-07-22T16:46:24.210] [INFO] default - path01-教学资料/JavaScript基础第二天笔记.assets/1554878895631.png
[2020-07-22T16:46:24.210] [INFO] default - path01-教学资料/JavaScript基础第二天笔记.assets/1554880438192.png
[2020-07-22T16:46:24.210] [INFO] default - path01-教学资料/JavaScript基础第二天笔记.assets/1558489979134.png
[2020-07-22T16:46:24.211] [INFO] default - path01-教学资料/JavaScript基础第二天笔记.assets/1558490080201.png
[2020-07-22T16:46:24.233] [INFO] default - path01-教学资料/JavaScript基础第二天笔记.assets/1558493795053.png
[2020-07-22T16:46:24.234] [INFO] default - path01-教学资料/JavaScript基础第二天笔记.assets/1558493799101.png
[2020-07-22T16:46:24.235] [INFO] default - path01-教学资料/JavaScript基础第二天笔记.assets/1558494034890.png
[2020-07-22T16:46:24.235] [INFO] default - path01-教学资料/JavaScript基础第二天笔记.assets/1558509272048.png
[2020-07-22T16:46:24.236] [INFO] default - path01-教学资料/JavaScript基础第二天笔记.assets/1563848440545.png
[2020-07-22T16:46:24.237] [INFO] default - path01-教学资料/JavaScript基础第二天笔记.assets/1563849796637.png
[2020-07-22T16:46:24.237] [INFO] default - path01-教学资料/JavaScript基础第二天笔记.assets/1563849933569.png
[2020-07-22T16:46:24.238] [INFO] default - path01-教学资料/JavaScript基础第二天笔记.assets/1563850756212.png
[2020-07-22T16:46:24.239] [INFO] default - path01-教学资料/JavaScript基础第二天笔记.assets/1563872371391.png
[2020-07-22T16:46:24.239] [INFO] default - path01-教学资料/JavaScript基础第二天笔记.assets/1571020466164.png
[2020-07-22T16:46:24.239] [INFO] default - path01-教学资料/JavaScript基础第二天笔记.assets/1571021763983.png
[2020-07-22T16:46:24.240] [INFO] default - path01-教学资料/JavaScript基础第二天笔记.assets/1571021809441.png
[2020-07-22T16:46:24.240] [INFO] default - path01-教学资料/JavaScript基础第二天笔记.assets/1571036672117.png
[2020-07-22T16:46:24.240] [INFO] default - path01-教学资料/JavaScript基础第二天笔记.assets/1571037095829.png
[2020-07-22T16:46:24.241] [INFO] default - path01-教学资料/JavaScript基础第二天笔记.assets/1571037097592.png
[2020-07-22T16:46:24.242] [INFO] default - path01-教学资料/JavaScript基础第二天笔记.assets/for.gif
[2020-07-22T16:46:24.252] [INFO] default - 文章资源文件D:\itcastzm\bamboo\src\docs\d2bc0700-cbf7-11ea-8902-b7c85a711032\index.md创建成功！
[2020-07-22T16:46:24.252] [INFO] default - 文章资源文件D:\itcastzm\bamboo\src\docs\d2bc0700-cbf7-11ea-8902-b7c85a711032\JavaScript基础第二天笔记.assets\1554859911332.png创建成功！
[2020-07-22T16:46:24.252] [INFO] default - 文章资源文件D:\itcastzm\bamboo\src\docs\d2bc0700-cbf7-11ea-8902-b7c85a711032\JavaScript基础第二天笔记.assets\1554860023201.png创建成功！
[2020-07-22T16:46:24.252] [INFO] default - 文章资源文件D:\itcastzm\bamboo\src\docs\d2bc0700-cbf7-11ea-8902-b7c85a711032\JavaScript基础第二天笔记.assets\1554863081800.png创建成功！
[2020-07-22T16:46:24.253] [INFO] default - 文章资源文件D:\itcastzm\bamboo\src\docs\d2bc0700-cbf7-11ea-8902-b7c85a711032\JavaScript基础第二天笔记.assets\1554860964703.png创建成功！
[2020-07-22T16:46:24.253] [INFO] default - 文章资源文件D:\itcastzm\bamboo\src\docs\d2bc0700-cbf7-11ea-8902-b7c85a711032\JavaScript基础第二天笔记.assets\1554863367114.png创建成功！
[2020-07-22T16:46:24.253] [INFO] default - 文章资源文件D:\itcastzm\bamboo\src\docs\d2bc0700-cbf7-11ea-8902-b7c85a711032\JavaScript基础第二天笔记.assets\1558490080201.png创建成功！
[2020-07-22T16:46:24.254] [INFO] default - 文章资源文件D:\itcastzm\bamboo\src\docs\d2bc0700-cbf7-11ea-8902-b7c85a711032\JavaScript基础第二天笔记.assets\1558493795053.png创建成功！
[2020-07-22T16:46:24.254] [INFO] default - 文章资源文件D:\itcastzm\bamboo\src\docs\d2bc0700-cbf7-11ea-8902-b7c85a711032\JavaScript基础第二天笔记.assets\1554880438192.png创建成功！
[2020-07-22T16:46:24.257] [INFO] default - 文章资源文件D:\itcastzm\bamboo\src\docs\d2bc0700-cbf7-11ea-8902-b7c85a711032\JavaScript基础第二天笔记.assets\1554878895631.png创建成功！
[2020-07-22T16:46:24.258] [INFO] default - 文章资源文件D:\itcastzm\bamboo\src\docs\d2bc0700-cbf7-11ea-8902-b7c85a711032\JavaScript基础第二天笔记.assets\1558489979134.png创建成功！
[2020-07-22T16:46:24.258] [INFO] default - 文章资源文件D:\itcastzm\bamboo\src\docs\d2bc0700-cbf7-11ea-8902-b7c85a711032\JavaScript基础第二天笔记.assets\1558493799101.png创建成功！
[2020-07-22T16:46:24.258] [INFO] default - 文章资源文件D:\itcastzm\bamboo\src\docs\d2bc0700-cbf7-11ea-8902-b7c85a711032\JavaScript基础第二天笔记.assets\1558494034890.png创建成功！
[2020-07-22T16:46:24.258] [INFO] default - 文章资源文件D:\itcastzm\bamboo\src\docs\d2bc0700-cbf7-11ea-8902-b7c85a711032\JavaScript基础第二天笔记.assets\1558509272048.png创建成功！
[2020-07-22T16:46:24.258] [INFO] default - 文章资源文件D:\itcastzm\bamboo\src\docs\d2bc0700-cbf7-11ea-8902-b7c85a711032\JavaScript基础第二天笔记.assets\1563848440545.png创建成功！
[2020-07-22T16:46:24.258] [INFO] default - 文章资源文件D:\itcastzm\bamboo\src\docs\d2bc0700-cbf7-11ea-8902-b7c85a711032\JavaScript基础第二天笔记.assets\1563872371391.png创建成功！
[2020-07-22T16:46:24.259] [INFO] default - 文章资源文件D:\itcastzm\bamboo\src\docs\d2bc0700-cbf7-11ea-8902-b7c85a711032\JavaScript基础第二天笔记.assets\1563850756212.png创建成功！
[2020-07-22T16:46:24.259] [INFO] default - 文章资源文件D:\itcastzm\bamboo\src\docs\d2bc0700-cbf7-11ea-8902-b7c85a711032\JavaScript基础第二天笔记.assets\1571021763983.png创建成功！
[2020-07-22T16:46:24.259] [INFO] default - 文章资源文件D:\itcastzm\bamboo\src\docs\d2bc0700-cbf7-11ea-8902-b7c85a711032\JavaScript基础第二天笔记.assets\1571021809441.png创建成功！
[2020-07-22T16:46:24.259] [INFO] default - 文章资源文件D:\itcastzm\bamboo\src\docs\d2bc0700-cbf7-11ea-8902-b7c85a711032\JavaScript基础第二天笔记.assets\1571036672117.png创建成功！
[2020-07-22T16:46:24.259] [INFO] default - 文章资源文件D:\itcastzm\bamboo\src\docs\d2bc0700-cbf7-11ea-8902-b7c85a711032\JavaScript基础第二天笔记.assets\1571037095829.png创建成功！
[2020-07-22T16:46:24.259] [INFO] default - 文章资源文件D:\itcastzm\bamboo\src\docs\d2bc0700-cbf7-11ea-8902-b7c85a711032\JavaScript基础第二天笔记.assets\1571037097592.png创建成功！
[2020-07-22T16:46:24.259] [INFO] default - 文章资源文件D:\itcastzm\bamboo\src\docs\d2bc0700-cbf7-11ea-8902-b7c85a711032\JavaScript基础第二天笔记.assets\for.gif创建成功！
[2020-07-22T16:46:24.260] [INFO] default - 文章资源文件D:\itcastzm\bamboo\src\docs\d2bc0700-cbf7-11ea-8902-b7c85a711032\JavaScript基础第二天笔记.assets\1563849796637.png创建成功！
[2020-07-22T16:46:24.261] [INFO] default - 文章资源文件D:\itcastzm\bamboo\src\docs\d2bc0700-cbf7-11ea-8902-b7c85a711032\JavaScript基础第二天笔记.assets\1571020466164.png创建成功！
[2020-07-22T16:46:24.261] [INFO] default - 文章资源文件D:\itcastzm\bamboo\src\docs\d2bc0700-cbf7-11ea-8902-b7c85a711032\JavaScript基础第二天笔记.assets\1563849933569.png创建成功！
[2020-07-22T16:46:26.241] [INFO] default - Executing (default): SELECT count(*) AS `count` FROM `m_docs` AS `m_doc` WHERE `m_doc`.`flag` = 0;
[2020-07-22T16:46:26.242] [INFO] default - Executing (default): SELECT `id`, `doc_name`, `path_url`, `author_id`, `author_name`, `category_id`, `category_name`, `ext`, `ext2`, `status`, `flag`, `createdAt`, `updatedAt` FROM `m_docs` AS `m_doc` WHERE `m_doc`.`flag` = 0 LIMIT 0, 20;
[2020-07-22T16:46:27.695] [INFO] default - Executing (default): SELECT `id`, `doc_name`, `path_url`, `author_id`, `author_name`, `category_id`, `category_name`, `ext`, `ext2`, `status`, `flag`, `createdAt`, `updatedAt` FROM `m_docs` AS `m_doc` WHERE `m_doc`.`id` = 'd2bc0700-cbf7-11ea-8902-b7c85a711032';
[2020-07-22T16:46:27.697] [INFO] default - Executing (default): SELECT count(*) AS `count` FROM `m_comments` AS `m_comment` WHERE `m_comment`.`flag` = 0 AND `m_comment`.`obj_id` = 'd2bc0700-cbf7-11ea-8902-b7c85a711032';
[2020-07-22T16:46:27.697] [INFO] default - Executing (default): SELECT `id`, `text`, `obj_id`, `obj_name`, `user_id`, `user_name`, `target_id`, `target_name`, `ext`, `status`, `flag`, `createdAt`, `updatedAt` FROM `m_comments` AS `m_comment` WHERE `m_comment`.`flag` = 0 AND `m_comment`.`obj_id` = 'd2bc0700-cbf7-11ea-8902-b7c85a711032' ORDER BY `m_comment`.`updatedAt` DESC;
[2020-07-22T16:48:47.508] [INFO] default - Executing (default): SELECT count(*) AS `count` FROM `m_docs` AS `m_doc` WHERE `m_doc`.`flag` = 0;
[2020-07-22T16:48:47.508] [INFO] default - Executing (default): SELECT `id`, `doc_name`, `path_url`, `author_id`, `author_name`, `category_id`, `category_name`, `ext`, `ext2`, `status`, `flag`, `createdAt`, `updatedAt` FROM `m_docs` AS `m_doc` WHERE `m_doc`.`flag` = 0 LIMIT 0, 20;
[2020-07-22T16:49:19.904] [INFO] default - Executing (default): INSERT INTO `m_docs` (`id`,`doc_name`,`path_url`,`status`,`flag`,`createdAt`,`updatedAt`) VALUES (?,?,?,?,?,?,?);
[2020-07-22T16:49:20.016] [INFO] default - 文章创建成功！3b826270-cbf8-11ea-8902-b7c85a711032
[2020-07-22T16:49:20.017] [INFO] default - 文章根目录：D:\itcastzm\bamboo\src\docs\3b826270-cbf8-11ea-8902-b7c85a711032\ 创建成功!
[2020-07-22T16:49:20.017] [INFO] default - path01-课堂资料/JavaScript基础第三天笔记.md
[2020-07-22T16:49:20.018] [INFO] default - path01-课堂资料/JavaScript基础第三天笔记.assets/1555059000942.png
[2020-07-22T16:49:20.018] [INFO] default - 文章资源目录D:\itcastzm\bamboo\src\docs\3b826270-cbf8-11ea-8902-b7c85a711032\JavaScript基础第三天笔记.assets\创建成功！
[2020-07-22T16:49:20.018] [INFO] default - path01-课堂资料/JavaScript基础第三天笔记.assets/1564045754571.png
[2020-07-22T16:49:20.019] [INFO] default - path01-课堂资料/JavaScript基础第三天笔记.assets/1571208360910.png
[2020-07-22T16:49:20.019] [INFO] default - path01-课堂资料/JavaScript基础第三天笔记.assets/52c9ff5c0001085a05460266.jpg
[2020-07-22T16:49:20.020] [INFO] default - path01-课堂资料/JavaScript基础第三天笔记.assets/for.gif
[2020-07-22T16:49:20.020] [INFO] default - path01-课堂资料/JavaScript基础第三天笔记.assets/u=1247922566,3122601627&fm=26&gp=0.jpg
[2020-07-22T16:49:20.026] [INFO] default - 文章资源文件D:\itcastzm\bamboo\src\docs\3b826270-cbf8-11ea-8902-b7c85a711032\index.md创建成功！
[2020-07-22T16:49:20.044] [INFO] default - 文章资源文件D:\itcastzm\bamboo\src\docs\3b826270-cbf8-11ea-8902-b7c85a711032\JavaScript基础第三天笔记.assets\52c9ff5c0001085a05460266.jpg创建成功！
[2020-07-22T16:49:20.044] [INFO] default - 文章资源文件D:\itcastzm\bamboo\src\docs\3b826270-cbf8-11ea-8902-b7c85a711032\JavaScript基础第三天笔记.assets\1555059000942.png创建成功！
[2020-07-22T16:49:20.044] [INFO] default - 文章资源文件D:\itcastzm\bamboo\src\docs\3b826270-cbf8-11ea-8902-b7c85a711032\JavaScript基础第三天笔记.assets\for.gif创建成功！
[2020-07-22T16:49:20.045] [INFO] default - 文章资源文件D:\itcastzm\bamboo\src\docs\3b826270-cbf8-11ea-8902-b7c85a711032\JavaScript基础第三天笔记.assets\1571208360910.png创建成功！
[2020-07-22T16:49:20.045] [INFO] default - 文章资源文件D:\itcastzm\bamboo\src\docs\3b826270-cbf8-11ea-8902-b7c85a711032\JavaScript基础第三天笔记.assets\1564045754571.png创建成功！
[2020-07-22T16:49:20.046] [INFO] default - 文章资源文件D:\itcastzm\bamboo\src\docs\3b826270-cbf8-11ea-8902-b7c85a711032\JavaScript基础第三天笔记.assets\u=1247922566,3122601627&fm=26&gp=0.jpg创建成功！
[2020-07-22T16:49:21.291] [INFO] default - Executing (default): SELECT count(*) AS `count` FROM `m_docs` AS `m_doc` WHERE `m_doc`.`flag` = 0;
[2020-07-22T16:49:21.293] [INFO] default - Executing (default): SELECT `id`, `doc_name`, `path_url`, `author_id`, `author_name`, `category_id`, `category_name`, `ext`, `ext2`, `status`, `flag`, `createdAt`, `updatedAt` FROM `m_docs` AS `m_doc` WHERE `m_doc`.`flag` = 0 LIMIT 0, 20;
[2020-07-22T16:49:23.279] [INFO] default - Executing (default): SELECT `id`, `doc_name`, `path_url`, `author_id`, `author_name`, `category_id`, `category_name`, `ext`, `ext2`, `status`, `flag`, `createdAt`, `updatedAt` FROM `m_docs` AS `m_doc` WHERE `m_doc`.`id` = '3b826270-cbf8-11ea-8902-b7c85a711032';
[2020-07-22T16:49:23.281] [INFO] default - Executing (default): SELECT count(*) AS `count` FROM `m_comments` AS `m_comment` WHERE `m_comment`.`flag` = 0 AND `m_comment`.`obj_id` = '3b826270-cbf8-11ea-8902-b7c85a711032';
[2020-07-22T16:49:23.281] [INFO] default - Executing (default): SELECT `id`, `text`, `obj_id`, `obj_name`, `user_id`, `user_name`, `target_id`, `target_name`, `ext`, `status`, `flag`, `createdAt`, `updatedAt` FROM `m_comments` AS `m_comment` WHERE `m_comment`.`flag` = 0 AND `m_comment`.`obj_id` = '3b826270-cbf8-11ea-8902-b7c85a711032' ORDER BY `m_comment`.`updatedAt` DESC;
[2020-07-22T16:52:31.051] [INFO] default - bamboo server is running at http://localhost:9077
[2020-07-22T16:55:30.529] [INFO] default - Executing (default): SELECT count(*) AS `count` FROM `m_docs` AS `m_doc` WHERE `m_doc`.`flag` = 0;
[2020-07-22T16:55:30.530] [INFO] default - Executing (default): SELECT `id`, `doc_name`, `path_url`, `author_id`, `author_name`, `category_id`, `category_name`, `ext`, `ext2`, `status`, `flag`, `createdAt`, `updatedAt` FROM `m_docs` AS `m_doc` WHERE `m_doc`.`flag` = 0 LIMIT 0, 20;
[2020-07-22T16:55:32.007] [INFO] default - Executing (default): SELECT count(*) AS `count` FROM `m_docs` AS `m_doc` WHERE `m_doc`.`flag` = 0;
[2020-07-22T16:55:32.007] [INFO] default - Executing (default): SELECT `id`, `doc_name`, `path_url`, `author_id`, `author_name`, `category_id`, `category_name`, `ext`, `ext2`, `status`, `flag`, `createdAt`, `updatedAt` FROM `m_docs` AS `m_doc` WHERE `m_doc`.`flag` = 0 LIMIT 0, 20;
[2020-07-22T17:17:03.145] [INFO] default - bamboo server is running at http://localhost:9077
[2020-07-22T17:31:16.370] [INFO] default - bamboo server is running at http://localhost:9077
[2020-07-22T17:32:23.651] [INFO] default - bamboo server is running at http://localhost:9077
[2020-07-22T17:37:32.264] [INFO] default - /api/login 用户登录：zhangsan==>模式undefined==>密码123456验证码==>undefined
[2020-07-22T17:37:32.310] [INFO] default - Executing (default): SELECT `id`, `phone`, `email`, `username`, `password`, `birthday`, `level`, `role`, `ext`, `status`, `flag`, `createdAt`, `updatedAt` FROM `m_users` AS `m_user` WHERE `m_user`.`username` = 'zhangsan';
[2020-07-22T17:37:46.834] [INFO] default - /api/login 用户登录：zhangsan==>模式undefined==>密码123456验证码==>undefined
[2020-07-22T17:37:46.888] [INFO] default - Executing (default): SELECT `id`, `phone`, `email`, `username`, `password`, `birthday`, `level`, `role`, `ext`, `status`, `flag`, `createdAt`, `updatedAt` FROM `m_users` AS `m_user` WHERE `m_user`.`username` = 'zhangsan';
[2020-07-22T18:05:40.802] [INFO] default - bamboo server is running at http://localhost:9077
[2020-07-22T18:06:01.976] [INFO] default - /api/login 用户登录：zhangsan==>模式undefined==>密码123456验证码==>undefined
[2020-07-22T18:06:02.016] [INFO] default - Executing (default): SELECT `id`, `phone`, `email`, `username`, `password`, `birthday`, `level`, `role`, `ext`, `status`, `flag`, `createdAt`, `updatedAt` FROM `m_users` AS `m_user` WHERE `m_user`.`username` = 'zhangsan';
[2020-07-22T18:06:40.237] [INFO] default - /api/login 用户登录：zhangsan==>模式undefined==>密码123456验证码==>undefined
[2020-07-22T18:06:40.243] [INFO] default - Executing (default): SELECT `id`, `phone`, `email`, `username`, `password`, `birthday`, `level`, `role`, `ext`, `status`, `flag`, `createdAt`, `updatedAt` FROM `m_users` AS `m_user` WHERE `m_user`.`username` = 'zhangsan';
[2020-07-22T18:08:11.731] [INFO] default - bamboo server is running at http://localhost:9077
[2020-07-22T18:09:03.446] [INFO] default - Executing (default): SELECT count(*) AS `count` FROM `m_docs` AS `m_doc` WHERE `m_doc`.`flag` = 0;
[2020-07-22T18:09:03.447] [INFO] default - Executing (default): SELECT `id`, `doc_name`, `path_url`, `author_id`, `author_name`, `category_id`, `category_name`, `ext`, `ext2`, `status`, `flag`, `createdAt`, `updatedAt` FROM `m_docs` AS `m_doc` WHERE `m_doc`.`flag` = 0 LIMIT 0, 20;
[2020-07-22T18:09:04.847] [INFO] default - Executing (default): SELECT count(*) AS `count` FROM `m_docs` AS `m_doc` WHERE `m_doc`.`flag` = 0;
[2020-07-22T18:09:04.847] [INFO] default - Executing (default): SELECT `id`, `doc_name`, `path_url`, `author_id`, `author_name`, `category_id`, `category_name`, `ext`, `ext2`, `status`, `flag`, `createdAt`, `updatedAt` FROM `m_docs` AS `m_doc` WHERE `m_doc`.`flag` = 0 LIMIT 0, 20;
[2020-07-22T18:09:11.710] [INFO] default - Executing (default): SELECT `id`, `doc_name`, `path_url`, `author_id`, `author_name`, `category_id`, `category_name`, `ext`, `ext2`, `status`, `flag`, `createdAt`, `updatedAt` FROM `m_docs` AS `m_doc` WHERE `m_doc`.`id` = '26659b70-c412-11ea-be95-e9e69c768ddc';
[2020-07-22T18:09:11.714] [INFO] default - Executing (default): SELECT count(*) AS `count` FROM `m_comments` AS `m_comment` WHERE `m_comment`.`flag` = 0 AND `m_comment`.`obj_id` = '26659b70-c412-11ea-be95-e9e69c768ddc';
[2020-07-22T18:09:11.715] [INFO] default - Executing (default): SELECT `id`, `text`, `obj_id`, `obj_name`, `user_id`, `user_name`, `target_id`, `target_name`, `ext`, `status`, `flag`, `createdAt`, `updatedAt` FROM `m_comments` AS `m_comment` WHERE `m_comment`.`flag` = 0 AND `m_comment`.`obj_id` = '26659b70-c412-11ea-be95-e9e69c768ddc' ORDER BY `m_comment`.`updatedAt` DESC;
[2020-07-22T18:11:51.236] [INFO] default - Executing (default): INSERT INTO `m_comments` (`id`,`text`,`obj_id`,`user_name`,`status`,`flag`,`createdAt`,`updatedAt`) VALUES (?,?,?,?,?,?,?,?);
[2020-07-22T18:11:51.471] [INFO] default - 评论创建成功！c2b7e020-cc03-11ea-9e33-bbf8361e66c2
[2020-07-22T18:12:40.227] [INFO] default - Executing (default): SELECT `id`, `doc_name`, `path_url`, `author_id`, `author_name`, `category_id`, `category_name`, `ext`, `ext2`, `status`, `flag`, `createdAt`, `updatedAt` FROM `m_docs` AS `m_doc` WHERE `m_doc`.`id` = '26659b70-c412-11ea-be95-e9e69c768ddc';
[2020-07-22T18:12:40.247] [INFO] default - Executing (default): SELECT count(*) AS `count` FROM `m_comments` AS `m_comment` WHERE `m_comment`.`flag` = 0 AND `m_comment`.`obj_id` = '26659b70-c412-11ea-be95-e9e69c768ddc';
[2020-07-22T18:12:40.249] [INFO] default - Executing (default): SELECT `id`, `text`, `obj_id`, `obj_name`, `user_id`, `user_name`, `target_id`, `target_name`, `ext`, `status`, `flag`, `createdAt`, `updatedAt` FROM `m_comments` AS `m_comment` WHERE `m_comment`.`flag` = 0 AND `m_comment`.`obj_id` = '26659b70-c412-11ea-be95-e9e69c768ddc' ORDER BY `m_comment`.`updatedAt` DESC;
[2020-07-22T18:12:53.507] [INFO] default - Executing (default): INSERT INTO `m_comments` (`id`,`text`,`obj_id`,`user_name`,`status`,`flag`,`createdAt`,`updatedAt`) VALUES (?,?,?,?,?,?,?,?);
[2020-07-22T18:12:53.694] [INFO] default - 评论创建成功！e7d9f2d0-cc03-11ea-9e33-bbf8361e66c2
[2020-07-22T18:15:26.157] [INFO] default - Executing (default): INSERT INTO `m_comments` (`id`,`text`,`obj_id`,`user_name`,`status`,`flag`,`createdAt`,`updatedAt`) VALUES (?,?,?,?,?,?,?,?);
[2020-07-22T18:15:26.463] [INFO] default - 评论创建成功！42d6a480-cc04-11ea-9e33-bbf8361e66c2
[2020-07-22T18:15:54.808] [INFO] default - Executing (default): INSERT INTO `m_comments` (`id`,`text`,`obj_id`,`user_name`,`status`,`flag`,`createdAt`,`updatedAt`) VALUES (?,?,?,?,?,?,?,?);
[2020-07-22T18:15:54.955] [INFO] default - 评论创建成功！53ea9740-cc04-11ea-9e33-bbf8361e66c2
[2020-07-23T08:51:18.197] [INFO] default - bamboo server is running at http://localhost:9077
[2020-07-23T09:00:21.818] [INFO] default - /api/login 用户登录：zhangsan==>模式undefined==>密码123456验证码==>undefined
[2020-07-23T09:00:21.854] [INFO] default - Executing (default): SELECT `id`, `phone`, `email`, `username`, `password`, `birthday`, `level`, `role`, `ext`, `status`, `flag`, `createdAt`, `updatedAt` FROM `m_users` AS `m_user` WHERE `m_user`.`username` = 'zhangsan';
[2020-07-23T09:01:09.843] [INFO] default - Executing (default): SELECT count(*) AS `count` FROM `m_docs` AS `m_doc` WHERE `m_doc`.`flag` = 0;
[2020-07-23T09:01:09.845] [INFO] default - Executing (default): SELECT `id`, `doc_name`, `path_url`, `author_id`, `author_name`, `category_id`, `category_name`, `ext`, `ext2`, `status`, `flag`, `createdAt`, `updatedAt` FROM `m_docs` AS `m_doc` WHERE `m_doc`.`flag` = 0 LIMIT 0, 20;
[2020-07-23T09:01:12.574] [INFO] default - Executing (default): SELECT count(*) AS `count` FROM `m_docs` AS `m_doc` WHERE `m_doc`.`flag` = 0;
[2020-07-23T09:01:12.574] [INFO] default - Executing (default): SELECT `id`, `doc_name`, `path_url`, `author_id`, `author_name`, `category_id`, `category_name`, `ext`, `ext2`, `status`, `flag`, `createdAt`, `updatedAt` FROM `m_docs` AS `m_doc` WHERE `m_doc`.`flag` = 0 LIMIT 0, 20;
[2020-07-23T09:01:18.882] [INFO] default - Executing (default): SELECT `id`, `doc_name`, `path_url`, `author_id`, `author_name`, `category_id`, `category_name`, `ext`, `ext2`, `status`, `flag`, `createdAt`, `updatedAt` FROM `m_docs` AS `m_doc` WHERE `m_doc`.`id` = 'd2bc0700-cbf7-11ea-8902-b7c85a711032';
[2020-07-23T09:01:18.886] [INFO] default - Executing (default): SELECT count(*) AS `count` FROM `m_comments` AS `m_comment` WHERE `m_comment`.`flag` = 0 AND `m_comment`.`obj_id` = 'd2bc0700-cbf7-11ea-8902-b7c85a711032';
[2020-07-23T09:01:18.887] [INFO] default - Executing (default): SELECT `id`, `text`, `obj_id`, `obj_name`, `user_id`, `user_name`, `target_id`, `target_name`, `ext`, `status`, `flag`, `createdAt`, `updatedAt` FROM `m_comments` AS `m_comment` WHERE `m_comment`.`flag` = 0 AND `m_comment`.`obj_id` = 'd2bc0700-cbf7-11ea-8902-b7c85a711032' ORDER BY `m_comment`.`updatedAt` DESC;
[2020-07-23T09:02:07.204] [INFO] default - Executing (default): SELECT count(*) AS `count` FROM `m_docs` AS `m_doc` WHERE `m_doc`.`flag` = 0;
[2020-07-23T09:02:07.204] [INFO] default - Executing (default): SELECT `id`, `doc_name`, `path_url`, `author_id`, `author_name`, `category_id`, `category_name`, `ext`, `ext2`, `status`, `flag`, `createdAt`, `updatedAt` FROM `m_docs` AS `m_doc` WHERE `m_doc`.`flag` = 0 LIMIT 0, 20;
[2020-07-24T15:57:50.868] [INFO] default - bamboo server is running at http://localhost:9077
[2020-07-24T16:00:07.110] [INFO] default - Executing (default): SELECT count(*) AS `count` FROM `m_docs` AS `m_doc` WHERE `m_doc`.`flag` = 0;
[2020-07-24T16:00:07.111] [INFO] default - Executing (default): SELECT `id`, `doc_name`, `path_url`, `author_id`, `author_name`, `category_id`, `category_name`, `ext`, `ext2`, `status`, `flag`, `createdAt`, `updatedAt` FROM `m_docs` AS `m_doc` WHERE `m_doc`.`flag` = 0 LIMIT 0, 20;
[2020-07-24T16:00:08.456] [INFO] default - Executing (default): SELECT count(*) AS `count` FROM `m_docs` AS `m_doc` WHERE `m_doc`.`flag` = 0;
[2020-07-24T16:00:08.456] [INFO] default - Executing (default): SELECT `id`, `doc_name`, `path_url`, `author_id`, `author_name`, `category_id`, `category_name`, `ext`, `ext2`, `status`, `flag`, `createdAt`, `updatedAt` FROM `m_docs` AS `m_doc` WHERE `m_doc`.`flag` = 0 LIMIT 0, 20;
[2020-07-24T16:00:24.681] [INFO] default - Executing (default): SELECT `id`, `doc_name`, `path_url`, `author_id`, `author_name`, `category_id`, `category_name`, `ext`, `ext2`, `status`, `flag`, `createdAt`, `updatedAt` FROM `m_docs` AS `m_doc` WHERE `m_doc`.`id` = '3b826270-cbf8-11ea-8902-b7c85a711032';
[2020-07-24T16:00:24.725] [INFO] default - Executing (default): SELECT count(*) AS `count` FROM `m_comments` AS `m_comment` WHERE `m_comment`.`flag` = 0 AND `m_comment`.`obj_id` = '3b826270-cbf8-11ea-8902-b7c85a711032';
[2020-07-24T16:00:24.728] [INFO] default - Executing (default): SELECT `id`, `text`, `obj_id`, `obj_name`, `user_id`, `user_name`, `target_id`, `target_name`, `ext`, `status`, `flag`, `createdAt`, `updatedAt` FROM `m_comments` AS `m_comment` WHERE `m_comment`.`flag` = 0 AND `m_comment`.`obj_id` = '3b826270-cbf8-11ea-8902-b7c85a711032' ORDER BY `m_comment`.`updatedAt` DESC;
[2020-07-24T16:10:27.627] [INFO] default - /api/login 用户登录：zhangsan==>模式undefined==>密码123456验证码==>undefined
[2020-07-24T16:10:27.638] [INFO] default - Executing (default): SELECT `id`, `phone`, `email`, `username`, `password`, `birthday`, `level`, `role`, `ext`, `status`, `flag`, `createdAt`, `updatedAt` FROM `m_users` AS `m_user` WHERE `m_user`.`username` = 'zhangsan';
[2020-07-25T09:05:28.110] [INFO] default - bamboo server is running at http://localhost:9077
[2020-07-25T09:06:14.580] [INFO] default - /api/login 用户登录：zhangsan==>模式undefined==>密码123456验证码==>undefined
[2020-07-25T09:06:43.296] [INFO] default - /api/login 用户登录：zhangsan==>模式undefined==>密码123456验证码==>undefined
[2020-07-25T09:06:43.602] [INFO] default - Executing (default): SELECT `id`, `phone`, `email`, `username`, `password`, `birthday`, `level`, `role`, `ext`, `status`, `flag`, `createdAt`, `updatedAt` FROM `m_users` AS `m_user` WHERE `m_user`.`username` = 'zhangsan';
[2020-07-25T09:08:05.029] [INFO] default - Executing (default): INSERT INTO `m_docs` (`id`,`doc_name`,`path_url`,`status`,`flag`,`createdAt`,`updatedAt`) VALUES (?,?,?,?,?,?,?);
[2020-07-25T09:08:05.260] [INFO] default - 文章创建成功！4b37ccb0-ce13-11ea-af3a-79768a557075
[2020-07-25T09:08:05.310] [INFO] default - 文章根目录：D:\itcastzm\bamboo\src\docs\4b37ccb0-ce13-11ea-af3a-79768a557075\ 创建成功!
[2020-07-25T09:08:05.310] [INFO] default - path01-教学资料/JavaScript基础第四天笔记.md
[2020-07-25T09:08:05.310] [INFO] default - path01-教学资料/JavaScript基础第四天笔记.assets/1555059000942.png
[2020-07-25T09:08:05.311] [INFO] default - 文章资源目录D:\itcastzm\bamboo\src\docs\4b37ccb0-ce13-11ea-af3a-79768a557075\JavaScript基础第四天笔记.assets\创建成功！
[2020-07-25T09:08:05.311] [INFO] default - path01-教学资料/JavaScript基础第四天笔记.assets/1555123008883.png
[2020-07-25T09:08:05.311] [INFO] default - path01-教学资料/JavaScript基础第四天笔记.assets/1555123056467.png
[2020-07-25T09:08:05.312] [INFO] default - path01-教学资料/JavaScript基础第四天笔记.assets/1555148275979.png
[2020-07-25T09:08:05.312] [INFO] default - path01-教学资料/JavaScript基础第四天笔记.assets/1558670296872.png
[2020-07-25T09:08:05.312] [INFO] default - path01-教学资料/JavaScript基础第四天笔记.assets/1564108803662.png
[2020-07-25T09:08:05.313] [INFO] default - path01-教学资料/JavaScript基础第四天笔记.assets/1564128514016.png
[2020-07-25T09:08:05.314] [INFO] default - path01-教学资料/JavaScript基础第四天笔记.assets/1564131844117.png
[2020-07-25T09:08:05.315] [INFO] default - path01-教学资料/JavaScript基础第四天笔记.assets/1566617776916.png
[2020-07-25T09:08:05.315] [INFO] default - path01-教学资料/JavaScript基础第四天笔记.assets/1566618029254.png
[2020-07-25T09:08:05.316] [INFO] default - path01-教学资料/JavaScript基础第四天笔记.assets/1566634907988.png
[2020-07-25T09:08:05.316] [INFO] default - path01-教学资料/JavaScript基础第四天笔记.assets/1566635073917.png
[2020-07-25T09:08:05.316] [INFO] default - path01-教学资料/JavaScript基础第四天笔记.assets/1566637188465.png
[2020-07-25T09:08:05.317] [INFO] default - path01-教学资料/JavaScript基础第四天笔记.assets/1571276376584.png
[2020-07-25T09:08:05.317] [INFO] default - path01-教学资料/JavaScript基础第四天笔记.assets/1571276385709.png
[2020-07-25T09:08:05.317] [INFO] default - path01-教学资料/JavaScript基础第四天笔记.assets/1571280619247.png
[2020-07-25T09:08:05.317] [INFO] default - path01-教学资料/JavaScript基础第四天笔记.assets/1571280911196.png
[2020-07-25T09:08:05.318] [INFO] default - path01-教学资料/JavaScript基础第四天笔记.assets/1571285099775.png
[2020-07-25T09:08:05.318] [INFO] default - path01-教学资料/JavaScript基础第四天笔记.assets/1571296379024.png
[2020-07-25T09:08:05.318] [INFO] default - path01-教学资料/JavaScript基础第四天笔记.assets/1571296704855.png
[2020-07-25T09:08:05.319] [INFO] default - path01-教学资料/JavaScript基础第四天笔记.assets/1571296854208.png
[2020-07-25T09:08:05.325] [INFO] default - 文章资源文件D:\itcastzm\bamboo\src\docs\4b37ccb0-ce13-11ea-af3a-79768a557075\index.md创建成功！
[2020-07-25T09:08:05.325] [INFO] default - 文章资源文件D:\itcastzm\bamboo\src\docs\4b37ccb0-ce13-11ea-af3a-79768a557075\JavaScript基础第四天笔记.assets\1555123008883.png创建成功！
[2020-07-25T09:08:05.326] [INFO] default - 文章资源文件D:\itcastzm\bamboo\src\docs\4b37ccb0-ce13-11ea-af3a-79768a557075\JavaScript基础第四天笔记.assets\1555059000942.png创建成功！
[2020-07-25T09:08:05.326] [INFO] default - 文章资源文件D:\itcastzm\bamboo\src\docs\4b37ccb0-ce13-11ea-af3a-79768a557075\JavaScript基础第四天笔记.assets\1555123056467.png创建成功！
[2020-07-25T09:08:05.326] [INFO] default - 文章资源文件D:\itcastzm\bamboo\src\docs\4b37ccb0-ce13-11ea-af3a-79768a557075\JavaScript基础第四天笔记.assets\1555148275979.png创建成功！
[2020-07-25T09:08:05.326] [INFO] default - 文章资源文件D:\itcastzm\bamboo\src\docs\4b37ccb0-ce13-11ea-af3a-79768a557075\JavaScript基础第四天笔记.assets\1558670296872.png创建成功！
[2020-07-25T09:08:05.326] [INFO] default - 文章资源文件D:\itcastzm\bamboo\src\docs\4b37ccb0-ce13-11ea-af3a-79768a557075\JavaScript基础第四天笔记.assets\1564128514016.png创建成功！
[2020-07-25T09:08:05.326] [INFO] default - 文章资源文件D:\itcastzm\bamboo\src\docs\4b37ccb0-ce13-11ea-af3a-79768a557075\JavaScript基础第四天笔记.assets\1564108803662.png创建成功！
[2020-07-25T09:08:05.326] [INFO] default - 文章资源文件D:\itcastzm\bamboo\src\docs\4b37ccb0-ce13-11ea-af3a-79768a557075\JavaScript基础第四天笔记.assets\1566617776916.png创建成功！
[2020-07-25T09:08:05.326] [INFO] default - 文章资源文件D:\itcastzm\bamboo\src\docs\4b37ccb0-ce13-11ea-af3a-79768a557075\JavaScript基础第四天笔记.assets\1564131844117.png创建成功！
[2020-07-25T09:08:05.326] [INFO] default - 文章资源文件D:\itcastzm\bamboo\src\docs\4b37ccb0-ce13-11ea-af3a-79768a557075\JavaScript基础第四天笔记.assets\1566634907988.png创建成功！
[2020-07-25T09:08:05.326] [INFO] default - 文章资源文件D:\itcastzm\bamboo\src\docs\4b37ccb0-ce13-11ea-af3a-79768a557075\JavaScript基础第四天笔记.assets\1566618029254.png创建成功！
[2020-07-25T09:08:05.326] [INFO] default - 文章资源文件D:\itcastzm\bamboo\src\docs\4b37ccb0-ce13-11ea-af3a-79768a557075\JavaScript基础第四天笔记.assets\1566637188465.png创建成功！
[2020-07-25T09:08:05.326] [INFO] default - 文章资源文件D:\itcastzm\bamboo\src\docs\4b37ccb0-ce13-11ea-af3a-79768a557075\JavaScript基础第四天笔记.assets\1566635073917.png创建成功！
[2020-07-25T09:08:05.326] [INFO] default - 文章资源文件D:\itcastzm\bamboo\src\docs\4b37ccb0-ce13-11ea-af3a-79768a557075\JavaScript基础第四天笔记.assets\1571276376584.png创建成功！
[2020-07-25T09:08:05.326] [INFO] default - 文章资源文件D:\itcastzm\bamboo\src\docs\4b37ccb0-ce13-11ea-af3a-79768a557075\JavaScript基础第四天笔记.assets\1571276385709.png创建成功！
[2020-07-25T09:08:05.326] [INFO] default - 文章资源文件D:\itcastzm\bamboo\src\docs\4b37ccb0-ce13-11ea-af3a-79768a557075\JavaScript基础第四天笔记.assets\1571280619247.png创建成功！
[2020-07-25T09:08:05.326] [INFO] default - 文章资源文件D:\itcastzm\bamboo\src\docs\4b37ccb0-ce13-11ea-af3a-79768a557075\JavaScript基础第四天笔记.assets\1571280911196.png创建成功！
[2020-07-25T09:08:05.326] [INFO] default - 文章资源文件D:\itcastzm\bamboo\src\docs\4b37ccb0-ce13-11ea-af3a-79768a557075\JavaScript基础第四天笔记.assets\1571285099775.png创建成功！
[2020-07-25T09:08:05.326] [INFO] default - 文章资源文件D:\itcastzm\bamboo\src\docs\4b37ccb0-ce13-11ea-af3a-79768a557075\JavaScript基础第四天笔记.assets\1571296704855.png创建成功！
[2020-07-25T09:08:05.326] [INFO] default - 文章资源文件D:\itcastzm\bamboo\src\docs\4b37ccb0-ce13-11ea-af3a-79768a557075\JavaScript基础第四天笔记.assets\1571296854208.png创建成功！
[2020-07-25T09:08:05.326] [INFO] default - 文章资源文件D:\itcastzm\bamboo\src\docs\4b37ccb0-ce13-11ea-af3a-79768a557075\JavaScript基础第四天笔记.assets\1571296379024.png创建成功！
[2020-07-25T09:08:09.861] [INFO] default - Executing (default): SELECT count(*) AS `count` FROM `m_docs` AS `m_doc` WHERE `m_doc`.`flag` = 0;
[2020-07-25T09:08:09.861] [INFO] default - Executing (default): SELECT `id`, `doc_name`, `path_url`, `author_id`, `author_name`, `category_id`, `category_name`, `ext`, `ext2`, `status`, `flag`, `createdAt`, `updatedAt` FROM `m_docs` AS `m_doc` WHERE `m_doc`.`flag` = 0 LIMIT 0, 20;
[2020-07-25T09:08:11.448] [INFO] default - Executing (default): SELECT count(*) AS `count` FROM `m_docs` AS `m_doc` WHERE `m_doc`.`flag` = 0;
[2020-07-25T09:08:11.449] [INFO] default - Executing (default): SELECT `id`, `doc_name`, `path_url`, `author_id`, `author_name`, `category_id`, `category_name`, `ext`, `ext2`, `status`, `flag`, `createdAt`, `updatedAt` FROM `m_docs` AS `m_doc` WHERE `m_doc`.`flag` = 0 LIMIT 0, 20;
[2020-07-25T09:08:17.144] [INFO] default - Executing (default): SELECT `id`, `doc_name`, `path_url`, `author_id`, `author_name`, `category_id`, `category_name`, `ext`, `ext2`, `status`, `flag`, `createdAt`, `updatedAt` FROM `m_docs` AS `m_doc` WHERE `m_doc`.`id` = '4b37ccb0-ce13-11ea-af3a-79768a557075';
[2020-07-25T09:08:17.148] [INFO] default - Executing (default): SELECT count(*) AS `count` FROM `m_comments` AS `m_comment` WHERE `m_comment`.`flag` = 0 AND `m_comment`.`obj_id` = '4b37ccb0-ce13-11ea-af3a-79768a557075';
[2020-07-25T09:08:17.150] [INFO] default - Executing (default): SELECT `id`, `text`, `obj_id`, `obj_name`, `user_id`, `user_name`, `target_id`, `target_name`, `ext`, `status`, `flag`, `createdAt`, `updatedAt` FROM `m_comments` AS `m_comment` WHERE `m_comment`.`flag` = 0 AND `m_comment`.`obj_id` = '4b37ccb0-ce13-11ea-af3a-79768a557075' ORDER BY `m_comment`.`updatedAt` DESC;
[2020-07-25T09:08:51.448] [INFO] default - Executing (default): SELECT count(*) AS `count` FROM `m_docs` AS `m_doc` WHERE `m_doc`.`flag` = 0;
[2020-07-25T09:08:51.449] [INFO] default - Executing (default): SELECT `id`, `doc_name`, `path_url`, `author_id`, `author_name`, `category_id`, `category_name`, `ext`, `ext2`, `status`, `flag`, `createdAt`, `updatedAt` FROM `m_docs` AS `m_doc` WHERE `m_doc`.`flag` = 0 LIMIT 0, 20;
[2020-07-25T09:09:08.461] [INFO] default - Executing (default): SELECT count(*) AS `count` FROM `m_docs` AS `m_doc` WHERE `m_doc`.`flag` = 0;
[2020-07-25T09:09:08.461] [INFO] default - Executing (default): SELECT `id`, `doc_name`, `path_url`, `author_id`, `author_name`, `category_id`, `category_name`, `ext`, `ext2`, `status`, `flag`, `createdAt`, `updatedAt` FROM `m_docs` AS `m_doc` WHERE `m_doc`.`flag` = 0 LIMIT 0, 20;
[2020-07-25T09:09:28.273] [INFO] default - Executing (default): SELECT `id`, `doc_name`, `path_url`, `author_id`, `author_name`, `category_id`, `category_name`, `ext`, `ext2`, `status`, `flag`, `createdAt`, `updatedAt` FROM `m_docs` AS `m_doc` WHERE `m_doc`.`id` = '4b37ccb0-ce13-11ea-af3a-79768a557075';
[2020-07-25T09:09:28.276] [INFO] default - Executing (default): SELECT count(*) AS `count` FROM `m_comments` AS `m_comment` WHERE `m_comment`.`flag` = 0 AND `m_comment`.`obj_id` = '4b37ccb0-ce13-11ea-af3a-79768a557075';
[2020-07-25T09:09:28.277] [INFO] default - Executing (default): SELECT `id`, `text`, `obj_id`, `obj_name`, `user_id`, `user_name`, `target_id`, `target_name`, `ext`, `status`, `flag`, `createdAt`, `updatedAt` FROM `m_comments` AS `m_comment` WHERE `m_comment`.`flag` = 0 AND `m_comment`.`obj_id` = '4b37ccb0-ce13-11ea-af3a-79768a557075' ORDER BY `m_comment`.`updatedAt` DESC;
[2020-07-25T09:09:48.146] [INFO] default - Executing (default): SELECT count(*) AS `count` FROM `m_docs` AS `m_doc` WHERE `m_doc`.`flag` = 0;
[2020-07-25T09:09:48.147] [INFO] default - Executing (default): SELECT `id`, `doc_name`, `path_url`, `author_id`, `author_name`, `category_id`, `category_name`, `ext`, `ext2`, `status`, `flag`, `createdAt`, `updatedAt` FROM `m_docs` AS `m_doc` WHERE `m_doc`.`flag` = 0 LIMIT 0, 20;
[2020-07-25T09:09:50.450] [INFO] default - Executing (default): SELECT `id`, `doc_name`, `path_url`, `author_id`, `author_name`, `category_id`, `category_name`, `ext`, `ext2`, `status`, `flag`, `createdAt`, `updatedAt` FROM `m_docs` AS `m_doc` WHERE `m_doc`.`id` = '4b37ccb0-ce13-11ea-af3a-79768a557075';
[2020-07-25T09:09:50.452] [INFO] default - Executing (default): SELECT count(*) AS `count` FROM `m_comments` AS `m_comment` WHERE `m_comment`.`flag` = 0 AND `m_comment`.`obj_id` = '4b37ccb0-ce13-11ea-af3a-79768a557075';
[2020-07-25T09:09:50.452] [INFO] default - Executing (default): SELECT `id`, `text`, `obj_id`, `obj_name`, `user_id`, `user_name`, `target_id`, `target_name`, `ext`, `status`, `flag`, `createdAt`, `updatedAt` FROM `m_comments` AS `m_comment` WHERE `m_comment`.`flag` = 0 AND `m_comment`.`obj_id` = '4b37ccb0-ce13-11ea-af3a-79768a557075' ORDER BY `m_comment`.`updatedAt` DESC;
